[    0.000000] Initializing cgroup subsys cpuset
[    0.000000] Initializing cgroup subsys cpu
[    0.000000] Initializing cgroup subsys cpuacct
[    0.000000] Linux version 4.4.0-59-generic (buildd@lgw01-11) (gcc version 5.4.0 20160609 (Ubuntu 5.4.0-6ubuntu1~16.04.4) ) #80-Ubuntu SMP Fri Jan 6 17:47:47 UTC 2017 (Ubuntu 4.4.0-59.80-generic 4.4.35)
[    0.000000] Command line: BOOT_IMAGE=/boot/vmlinuz-4.4.0-59-generic root=LABEL=cloudimg-rootfs ro console=tty1 console=ttyS0
[    0.000000] KERNEL supported cpus:
[    0.000000]   Intel GenuineIntel
[    0.000000]   AMD AuthenticAMD
[    0.000000]   Centaur CentaurHauls
[    0.000000] x86/fpu: xstate_offset[2]:  576, xstate_sizes[2]:  256
[    0.000000] x86/fpu: Supporting XSAVE feature 0x01: 'x87 floating point registers'
[    0.000000] x86/fpu: Supporting XSAVE feature 0x02: 'SSE registers'
[    0.000000] x86/fpu: Supporting XSAVE feature 0x04: 'AVX registers'
[    0.000000] x86/fpu: Enabled xstate features 0x7, context size is 832 bytes, using 'standard' format.
[    0.000000] x86/fpu: Using 'lazy' FPU context switches.
[    0.000000] e820: BIOS-provided physical RAM map:
[    0.000000] BIOS-e820: [mem 0x0000000000000000-0x000000000009fbff] usable
[    0.000000] BIOS-e820: [mem 0x000000000009fc00-0x000000000009ffff] reserved
[    0.000000] BIOS-e820: [mem 0x00000000000f0000-0x00000000000fffff] reserved
[    0.000000] BIOS-e820: [mem 0x0000000000100000-0x000000007ffeffff] usable
[    0.000000] BIOS-e820: [mem 0x000000007fff0000-0x000000007fffffff] ACPI data
[    0.000000] BIOS-e820: [mem 0x00000000fec00000-0x00000000fec00fff] reserved
[    0.000000] BIOS-e820: [mem 0x00000000fee00000-0x00000000fee00fff] reserved
[    0.000000] BIOS-e820: [mem 0x00000000fffc0000-0x00000000ffffffff] reserved
[    0.000000] NX (Execute Disable) protection: active
[    0.000000] SMBIOS 2.5 present.
[    0.000000] Hypervisor detected: KVM
[    0.000000] e820: last_pfn = 0x7fff0 max_arch_pfn = 0x400000000
[    0.000000] MTRR: Disabled
[    0.000000] x86/PAT: MTRRs disabled, skipping PAT initialization too.
[    0.000000] x86/PAT: Configuration [0-7]: WB  WT  UC- UC  WB  WT  UC- UC  
[    0.000000] CPU MTRRs all blank - virtualized system.
[    0.000000] found SMP MP-table at [mem 0x0009fff0-0x0009ffff] mapped at [ffff88000009fff0]
[    0.000000] Scanning 1 areas for low memory corruption
[    0.000000] RAMDISK: [mem 0x36b76000-0x375b2fff]
[    0.000000] ACPI: Early table checksum verification disabled
[    0.000000] ACPI: RSDP 0x00000000000E0000 000024 (v02 VBOX  )
[    0.000000] ACPI: XSDT 0x000000007FFF0030 00003C (v01 VBOX   VBOXXSDT 00000001 ASL  00000061)
[    0.000000] ACPI: FACP 0x000000007FFF00F0 0000F4 (v04 VBOX   VBOXFACP 00000001 ASL  00000061)
[    0.000000] ACPI: DSDT 0x000000007FFF0470 00210F (v01 VBOX   VBOXBIOS 00000002 INTL 20100528)
[    0.000000] ACPI: FACS 0x000000007FFF0200 000040
[    0.000000] ACPI: FACS 0x000000007FFF0200 000040
[    0.000000] ACPI: APIC 0x000000007FFF0240 00005C (v02 VBOX   VBOXAPIC 00000001 ASL  00000061)
[    0.000000] ACPI: SSDT 0x000000007FFF02A0 0001CC (v01 VBOX   VBOXCPUT 00000002 INTL 20100528)
[    0.000000] No NUMA configuration found
[    0.000000] Faking a node at [mem 0x0000000000000000-0x000000007ffeffff]
[    0.000000] NODE_DATA(0) allocated [mem 0x7ffeb000-0x7ffeffff]
[    0.000000] kvm-clock: Using msrs 4b564d01 and 4b564d00
[    0.000000] kvm-clock: cpu 0, msr 0:7ffe3001, primary cpu clock
[    0.000000] kvm-clock: using sched offset of 4216673326 cycles
[    0.000000] clocksource: kvm-clock: mask: 0xffffffffffffffff max_cycles: 0x1cd42e4dffb, max_idle_ns: 881590591483 ns
[    0.000000] Zone ranges:
[    0.000000]   DMA      [mem 0x0000000000001000-0x0000000000ffffff]
[    0.000000]   DMA32    [mem 0x0000000001000000-0x000000007ffeffff]
[    0.000000]   Normal   empty
[    0.000000]   Device   empty
[    0.000000] Movable zone start for each node
[    0.000000] Early memory node ranges
[    0.000000]   node   0: [mem 0x0000000000001000-0x000000000009efff]
[    0.000000]   node   0: [mem 0x0000000000100000-0x000000007ffeffff]
[    0.000000] Initmem setup node 0 [mem 0x0000000000001000-0x000000007ffeffff]
[    0.000000] ACPI: PM-Timer IO Port: 0x4008
[    0.000000] IOAPIC[0]: apic_id 2, version 32, address 0xfec00000, GSI 0-23
[    0.000000] ACPI: INT_SRC_OVR (bus 0 bus_irq 0 global_irq 2 dfl dfl)
[    0.000000] ACPI: INT_SRC_OVR (bus 0 bus_irq 9 global_irq 9 high level)
[    0.000000] Using ACPI (MADT) for SMP configuration information
[    0.000000] smpboot: Allowing 2 CPUs, 0 hotplug CPUs
[    0.000000] PM: Registered nosave memory: [mem 0x00000000-0x00000fff]
[    0.000000] PM: Registered nosave memory: [mem 0x0009f000-0x0009ffff]
[    0.000000] PM: Registered nosave memory: [mem 0x000a0000-0x000effff]
[    0.000000] PM: Registered nosave memory: [mem 0x000f0000-0x000fffff]
[    0.000000] e820: [mem 0x80000000-0xfebfffff] available for PCI devices
[    0.000000] Booting paravirtualized kernel on KVM
[    0.000000] clocksource: refined-jiffies: mask: 0xffffffff max_cycles: 0xffffffff, max_idle_ns: 7645519600211568 ns
[    0.000000] setup_percpu: NR_CPUS:512 nr_cpumask_bits:512 nr_cpu_ids:2 nr_node_ids:1
[    0.000000] PERCPU: Embedded 33 pages/cpu @ffff88007fc00000 s98264 r8192 d28712 u1048576
[    0.000000] PV qspinlock hash table entries: 256 (order: 0, 4096 bytes)
[    0.000000] Built 1 zonelists in Node order, mobility grouping on.  Total pages: 515961
[    0.000000] Policy zone: DMA32
[    0.000000] Kernel command line: BOOT_IMAGE=/boot/vmlinuz-4.4.0-59-generic root=LABEL=cloudimg-rootfs ro console=tty1 console=ttyS0
[    0.000000] PID hash table entries: 4096 (order: 3, 32768 bytes)
[    0.000000] Memory: 2034288K/2096696K available (8436K kernel code, 1291K rwdata, 3960K rodata, 1488K init, 1316K bss, 62408K reserved, 0K cma-reserved)
[    0.000000] SLUB: HWalign=64, Order=0-3, MinObjects=0, CPUs=2, Nodes=1
[    0.000000] Hierarchical RCU implementation.
[    0.000000] 	Build-time adjustment of leaf fanout to 64.
[    0.000000] 	RCU restricting CPUs from NR_CPUS=512 to nr_cpu_ids=2.
[    0.000000] RCU: Adjusting geometry for rcu_fanout_leaf=64, nr_cpu_ids=2
[    0.000000] NR_IRQS:33024 nr_irqs:440 16
[    0.000000] Console: colour VGA+ 80x25
[    0.000000] console [tty1] enabled
[    0.000000] console [ttyS0] enabled
[    0.000000] tsc: Detected 2294.796 MHz processor
[    0.511684] Calibrating delay loop (skipped) preset value.. 4589.59 BogoMIPS (lpj=9179184)
[    0.514167] pid_max: default: 32768 minimum: 301
[    0.517207] ACPI: Core revision 20150930
[    0.520461] ACPI: 2 ACPI AML tables successfully acquired and loaded
[    0.546219] Security Framework initialized
[    0.547885] Yama: becoming mindful.
[    0.549279] AppArmor: AppArmor initialized
[    0.555063] Dentry cache hash table entries: 262144 (order: 9, 2097152 bytes)
[    0.575581] Inode-cache hash table entries: 131072 (order: 8, 1048576 bytes)
[    0.603788] Mount-cache hash table entries: 4096 (order: 3, 32768 bytes)
[    0.650473] Mountpoint-cache hash table entries: 4096 (order: 3, 32768 bytes)
[    0.670802] Initializing cgroup subsys io
[    0.712443] Initializing cgroup subsys memory
[    0.748040] Initializing cgroup subsys devices
[    0.817573] Initializing cgroup subsys freezer
[    0.818915] Initializing cgroup subsys net_cls
[    0.827227] Initializing cgroup subsys perf_event
[    0.896924] Initializing cgroup subsys net_prio
[    0.898330] Initializing cgroup subsys hugetlb
[    0.899741] Initializing cgroup subsys pids
[    0.901116] CPU: Physical Processor ID: 0
[    0.921483] CPU: Processor Core ID: 0
[    0.925556] mce: CPU supports 0 MCE banks
[    0.927235] Last level iTLB entries: 4KB 512, 2MB 8, 4MB 8
[    0.933351] Last level dTLB entries: 4KB 512, 2MB 32, 4MB 32, 1GB 0
[    0.947743] Freeing SMP alternatives memory: 32K (ffffffff820b8000 - ffffffff820c0000)
[    0.975720] ftrace: allocating 32064 entries in 126 pages
[    1.056378] smpboot: APIC(0) Converting physical 0 to logical package 0
[    1.064921] smpboot: Max logical packages: 1
[    1.081708] x2apic enabled
[    1.082912] Switched APIC routing to physical x2apic.
[    1.085841] ..TIMER: vector=0x30 apic1=0 pin1=2 apic2=-1 pin2=-1
[    1.207549] smpboot: CPU0: Intel(R) Core(TM) i5-2410M CPU @ 2.30GHz (family: 0x6, model: 0x2a, stepping: 0x7)
[    1.231845] Performance Events: unsupported p6 CPU model 42 no PMU driver, software events only.
[    1.238153] KVM setup paravirtual spinlock
[    1.240154] x86: Booting SMP configuration:
[    1.245458] .... node  #0, CPUs:      #1
[    1.246859] kvm-clock: cpu 1, msr 0:7ffe3041, secondary cpu clock
[    1.255060] mce: CPU supports 0 MCE banks
[    1.257856] x86: Booted up 1 node, 2 CPUs
[    1.284289] smpboot: Total of 2 processors activated (9179.18 BogoMIPS)
[    1.293268] devtmpfs: initialized
[    1.307021] evm: security.selinux
[    1.316889] evm: security.SMACK64
[    1.319859] evm: security.SMACK64EXEC
[    1.329863] evm: security.SMACK64TRANSMUTE
[    1.334664] evm: security.SMACK64MMAP
[    1.337208] evm: security.ima
[    1.339139] evm: security.capability
[    1.349096] clocksource: jiffies: mask: 0xffffffff max_cycles: 0xffffffff, max_idle_ns: 7645041785100000 ns
[    1.355543] pinctrl core: initialized pinctrl subsystem
[    1.359305] RTC time:  3:27:57, date: 02/25/17
[    1.364976] NET: Registered protocol family 16
[    1.379285] cpuidle: using governor ladder
[    1.396045] cpuidle: using governor menu
[    1.404184] PCCT header not found.
[    1.411737] ACPI: bus type PCI registered
[    1.429328] acpiphp: ACPI Hot Plug PCI Controller Driver version: 0.5
[    1.433250] PCI: Using configuration type 1 for base access
[    1.451513] ACPI: Added _OSI(Module Device)
[    1.480491] ACPI: Added _OSI(Processor Device)
[    1.514766] ACPI: Added _OSI(3.0 _SCP Extensions)
[    1.523831] ACPI: Added _OSI(Processor Aggregator Device)
[    1.608300] ACPI: Executed 1 blocks of module-level executable AML code
[    1.634770] ACPI: Interpreter enabled
[    1.647849] ACPI: (supports S0 S5)
[    1.649130] ACPI: Using IOAPIC for interrupt routing
[    1.698416] PCI: Using host bridge windows from ACPI; if necessary, use "pci=nocrs" and report a bug
[    1.753860] ACPI: PCI Root Bridge [PCI0] (domain 0000 [bus 00-ff])
[    1.776611] acpi PNP0A03:00: _OSC: OS supports [ASPM ClockPM Segments MSI]
[    1.855746] acpi PNP0A03:00: _OSC failed (AE_NOT_FOUND); disabling ASPM
[    1.923782] acpi PNP0A03:00: fail to add MMCONFIG information, can't access extended PCI configuration space under this bridge.
[    1.957498] PCI host bridge to bus 0000:00
[    1.961710] pci_bus 0000:00: root bus resource [io  0x0000-0x0cf7 window]
[    1.963585] pci_bus 0000:00: root bus resource [io  0x0d00-0xffff window]
[    2.001183] pci_bus 0000:00: root bus resource [mem 0x000a0000-0x000bffff window]
[    2.033921] pci_bus 0000:00: root bus resource [mem 0x80000000-0xffdfffff window]
[    2.050039] pci_bus 0000:00: root bus resource [bus 00-ff]
[    2.093589] pci 0000:00:01.1: legacy IDE quirk: reg 0x10: [io  0x01f0-0x01f7]
[    2.121995] pci 0000:00:01.1: legacy IDE quirk: reg 0x14: [io  0x03f6]
[    2.207081] pci 0000:00:01.1: legacy IDE quirk: reg 0x18: [io  0x0170-0x0177]
[    2.214842] pci 0000:00:01.1: legacy IDE quirk: reg 0x1c: [io  0x0376]
[    2.247738] pci 0000:00:07.0: quirk: [io  0x4000-0x403f] claimed by PIIX4 ACPI
[    2.260443] pci 0000:00:07.0: quirk: [io  0x4100-0x410f] claimed by PIIX4 SMB
[    2.362020] ACPI: PCI Interrupt Link [LNKA] (IRQs 5 9 10 *11)
[    2.389468] ACPI: PCI Interrupt Link [LNKB] (IRQs 5 9 10 *11)
[    2.431156] ACPI: PCI Interrupt Link [LNKC] (IRQs 5 9 *10 11)
[    2.452658] ACPI: PCI Interrupt Link [LNKD] (IRQs 5 *9 10 11)
[    2.455528] ACPI: Enabled 2 GPEs in block 00 to 07
[    2.457771] vgaarb: setting as boot device: PCI:0000:00:02.0
[    2.471193] vgaarb: device added: PCI:0000:00:02.0,decodes=io+mem,owns=io+mem,locks=none
[    2.476071] vgaarb: loaded
[    2.480247] vgaarb: bridge control possible 0000:00:02.0
[    2.482523] SCSI subsystem initialized
[    2.490831] ACPI: bus type USB registered
[    2.498063] usbcore: registered new interface driver usbfs
[    2.500735] usbcore: registered new interface driver hub
[    2.507346] usbcore: registered new device driver usb
[    2.514269] PCI: Using ACPI for IRQ routing
[    2.519354] NetLabel: Initializing
[    2.525000] NetLabel:  domain hash size = 128
[    2.529438] NetLabel:  protocols = UNLABELED CIPSOv4
[    2.533579] NetLabel:  unlabeled traffic allowed by default
[    2.540817] amd_nb: Cannot enumerate AMD northbridges
[    2.552967] clocksource: Switched to clocksource kvm-clock
[    2.587244] AppArmor: AppArmor Filesystem Enabled
[    2.601927] pnp: PnP ACPI init
[    2.634509] pnp: PnP ACPI: found 3 devices
[    2.655307] clocksource: acpi_pm: mask: 0xffffff max_cycles: 0xffffff, max_idle_ns: 2085701024 ns
[    2.660154] NET: Registered protocol family 2
[    2.662093] TCP established hash table entries: 16384 (order: 5, 131072 bytes)
[    2.664879] TCP bind hash table entries: 16384 (order: 6, 262144 bytes)
[    2.667159] TCP: Hash tables configured (established 16384 bind 16384)
[    2.697444] UDP hash table entries: 1024 (order: 3, 32768 bytes)
[    2.704331] UDP-Lite hash table entries: 1024 (order: 3, 32768 bytes)
[    2.707135] NET: Registered protocol family 1
[    2.709082] pci 0000:00:00.0: Limiting direct PCI/PCI transfers
[    2.719611] pci 0000:00:01.0: Activating ISA DMA hang workarounds
[    2.734239] Trying to unpackrootfs image as initramfs...
[    5.273490] Freeing initrd memory: 10484K (ffff880036b76000 - ffff8800375b3000)
[    5.283379] RAPL PMU detected, API unit is 2^-32 Joules, 3 fixed counters 10737418240 ms ovfl timer
[    5.289215] hw unit of domain pp0-core 2^-0 Joules
[    5.298131] hw unit of domain package 2^-0 Joules
[    5.308668] hw unit of domain pp1-gpu 2^-0 Joules
[    5.310202] platform rtc_cmos: registered platform RTC device (no PNP device found)
[    5.313550] Scanning for low memory corruption every 60 seconds
[    5.320005] futex hash table entries: 512 (order: 3, 32768 bytes)
[    5.330920] audit: initializing netlink subsys (disabled)
[    5.333393] audit: type=2000 audit(1487993285.398:1): initialized
[    5.347570] Initialise system trusted keyring
[    5.366210] HugeTLB registered 2 MB page size, pre-allocated 0 pages
[    5.384566] zbud: loaded
[    5.400946] VFS: Disk quotas dquot_6.6.0
[    5.402517] VFS: Dquot-cache hash table entries: 512 (order 0, 4096 bytes)
[    5.411011] squashfs: version 4.0 (2009/01/31) Phillip Lougher
[    5.434590] fuse init (API version 7.23)
[    5.437297] Key type big_key registered
[    5.439710] Allocating IMA MOK and blacklist keyrings.
[    5.449760] Key type asymmetric registered
[    5.465874] Asymmetric key parser 'x509' registered
[    5.471711] Block layer SCSI generic (bsg) driver version 0.4 loaded (major 249)
[    5.475487] io scheduler noop registered
[    5.478096] io scheduler deadline registered (default)
[    5.491114] io scheduler cfq registered
[    5.501524] pci_hotplug: PCI Hot Plug PCI Core version: 0.5
[    5.514795] pciehp: PCI Express Hot Plug Controller Driver version: 0.4
[    5.528646] ACPI: AC Adapter [AC] (off-line)
[    5.533314] input: Power Button as /devices/LNXSYSTM:00/LNXPWRBN:00/input/input0
[    5.542975] ACPI: Power Button [PWRF]
[    5.549777] input: Sleep Button as /devices/LNXSYSTM:00/LNXSLPBN:00/input/input1
[    5.563201] ACPI: Sleep Button [SLPF]
[    5.565040] GHES: HEST is not enabled!
[    5.566311] ACPI: Battery Slot [BAT0] (battery present)
[    5.581645] Serial: 8250/16550 driver, 32 ports, IRQ sharing enabled
[    5.626473] 00:02: ttyS0 at I/O 0x3f8 (irq = 4, base_baud = 115200) is a 16550A
[    5.666118] Linux agpgart interface v0.103
[    5.678636] brd: module loaded
[    5.689501] loop: module loaded
[    5.700410] scsi host0: ata_piix
[    5.702843] scsi host1: ata_piix
[    5.710427] ata1: PATA max UDMA/33 cmd 0x1f0 ctl 0x3f6 bmdma 0xd000 irq 14
[    5.712288] ata2: PATA max UDMA/33 cmd 0x170 ctl 0x376 bmdma 0xd008 irq 15
[    5.714805] libphy: Fixed MDIO Bus: probed
[    5.717372] tun: Universal TUN/TAP device driver, 1.6
[    5.734582] tun: (C) 1999-2004 Max Krasnyansky <maxk@qualcomm.com>
[    5.736650] PPP generic driver version 2.4.2
[    5.742988] ehci_hcd: USB 2.0 'Enhanced' Host Controller (EHCI) Driver
[    5.747248] ehci-pci: EHCI PCI platform driver
[    5.749363] ehci-platform: EHCI generic platform driver
[    5.751736] ohci_hcd: USB 1.1 'Open' Host Controller (OHCI) Driver
[    5.755019] ohci-pci: OHCI PCI platform driver
[    5.775643] ohci-platform: OHCI generic platform driver
[    5.779282] uhci_hcd: USB Universal Host Controller Interface driver
[    5.785078] i8042: PNP: PS/2 Controller [PNP0303:PS2K,PNP0f03:PS2M] at 0x60,0x64 irq 1,12
[    5.791053] serio: i8042 KBD port at 0x60,0x64 irq 1
[    5.794559] serio: i8042 AUX port at 0x60,0x64 irq 12
[    5.797286] mousedev: PS/2 mouse device common for all mice
[    5.805272] input: AT Translated Set 2 keyboard as /devices/platform/i8042/serio0/input/input2
[    5.811718] rtc_cmos rtc_cmos: rtc core: registered rtc_cmos as rtc0
[    5.814439] rtc_cmos rtc_cmos: alarms up to one day, 114 bytes nvram
[    5.821285] i2c /dev entries driver
[    5.825868] device-mapper: uevent: version 1.0.3
[    5.834888] device-mapper: ioctl: 4.34.0-ioctl (2015-10-28) initialised: dm-devel@redhat.com
[    5.841924] ledtrig-cpu: registered to indicate activity on CPUs
[    5.846599] NET: Registered protocol family 10
[    5.868560] NET: Registered protocol family 17
[    5.878221] Key type dns_resolver registered
[    5.895565] microcode: CPU0 sig=0x206a7, pf=0x10, revision=0x0
[    5.909345] microcode: CPU1 sig=0x206a7, pf=0x10, revision=0x0
[    5.920452] microcode: Microcode Update Driver: v2.01 <tigran@aivazian.fsnet.co.uk>, Peter Oruba
[    5.935400] registered taskstats version 1
[    5.936801] Loading compiled-in X.509 certificates
[    5.939592] Loaded X.509 cert 'Build time autogenerated kernel key: 6ffa6bfaa152a74cd2b6aa1e188cb999d8f5632b'
[    5.959511] zswap: loaded using pool lzo/zbud
[    5.962930] Key type trusted registered
[    5.975710] Key type encrypted registered
[    5.978277] AppArmor: AppArmor sha1 policy hashing enabled
[    5.979799] ima: No TPM chip found, activating TPM-bypass!
[    5.981409] evm: HMAC attrs: 0x1
[    5.982899]   Magic number: 5:96:463
[    5.984258] rtc_cmos rtc_cmos: setting system clock to 2017-02-25 03:28:02 UTC (1487993282)
[    5.986842] BIOS EDD facility v0.16 2004-Jun-25, 0 devices found
[    5.988502] EDD information not available.
[    6.016432] Freeing unused kernel memory: 1488K (ffffffff81f44000 - ffffffff820b8000)
[    6.028539] Write protecting the kernel read-only data: 14336k
[    6.030892] Freeing unused kernel memory: 1792K (ffff880001840000 - ffff880001a00000)
[    6.035479] Freeing unused kernel memory: 136K (ffff880001dde000 - ffff880001e00000)
Loading, please [    6.056417] random: systemd-udevd: uninitialized urandom read (16 bytes read, 2 bits of entropy available)
wait...
startin[    6.057552] random: udevadm: uninitialized urandom read (16 bytes read, 2 bits of entropy available)
g version 229
[    6.057629] random: udevadm: uninitialized urandom read (16 bytes read, 2 bits of entropy available)
[    6.057873] random: udevadm: uninitialized urandom read (16 bytes read, 2 bits of entropy available)
[    6.057985] random: udevadm: uninitialized urandom read (16 bytes read, 2 bits of entropy available)
[    6.058075] random: udevadm: uninitialized urandom read (16 bytes read, 2 bits of entropy available)
[    6.058163] random: udevadm: uninitialized urandom read (16 bytes read, 2 bits of entropy available)
[    6.058272] random: udevadm: uninitialized urandom read (16 bytes read, 2 bits of entropy available)
[    6.058379] random: udevadm: uninitialized urandom read (16 bytes read, 2 bits of entropy available)
[    6.058467] random: udevadm: uninitialized urandom read (16 bytes read, 2 bits of entropy available)
[    6.266171] e1000: Intel(R) PRO/1000 Network Driver - version 7.3.21-k8-NAPI
[    6.275723] e1000: Copyright (c) 1999-2006 Intel Corporation.
[    6.286203] Fusion MPT base driver 3.04.20
[    6.295987] Copyright (c) 1999-2008 LSI Corporation
[    6.311301] tsc: Refined TSC clocksource calibration: 2295.569 MHz
[    6.323421] clocksource: tsc: mask: 0xffffffffffffffff max_cycles: 0x2116db491dd, max_idle_ns: 440795253409 ns
[    6.392781] AVX version of gcm_enc/dec engaged.
[    6.403792] AES CTR mode by8 optimization enabled
[    6.411816] Fusion MPT SPI Host driver 3.04.20
[    6.631113] input: ImExPS/2 Generic Explorer Mouse as /devices/platform/i8042/serio1/input/input4
[    6.855903] e1000 0000:00:03.0 eth0: (PCI:33MHz:32-bit) 02:29:99:d5:6c:03
[    6.870258] e1000 0000:00:03.0 eth0: Intel(R) PRO/1000 Network Connection
[    7.299581] e1000 0000:00:08.0 eth1: (PCI:33MHz:32-bit) 08:00:27:45:d0:17
[    7.342531] e1000 0000:00:08.0 eth1: Intel(R) PRO/1000 Network Connection
[    7.345916] mptbase: ioc0: Initiating bringup
[    7.346119] e1000 0000:00:08.0 enp0s8: renamed from eth1
[    7.381651] e1000 0000:00:03.0 enp0s3: renamed from eth0
[    7.449918] ioc0: LSI53C1030 A0: Capabilities={Initiator}
[    7.636334] scsi host2: ioc0: LSI53C1030 A0, FwRev=00000000h, Ports=1, MaxQ=256, IRQ=20
[    7.765990] scsi 2:0:0:0: Direct-Access     VBOX     HARDDISK         1.0  PQ: 0 ANSI: 5
[    7.778307] scsi target2:0:0: Beginning Domain Validation
[    7.798632] scsi target2:0:0: Domain Validation skipping write tests
[    7.816304] scsi target2:0:0: Ending Domain Validation
[    7.828158] scsi target2:0:0: asynchronous
[    7.868575] scsi 2:0:1:0: Direct-Access     VBOX     HARDDISK         1.0  PQ: 0 ANSI: 5
[    7.881374] scsi target2:0:1: Beginning Domain Validation
[    7.884030] scsi target2:0:1: Domain Validation skipping write tests
[    7.885912] scsi target2:0:1: Ending Domain Validation
[    7.887471] scsi target2:0:1: asynchronous
[    7.897888] sd 2:0:0:0: [sda] 20971520 512-byte logical blocks: (10.7 GB/10.0 GiB)
[    7.897991] sd 2:0:0:0: Attached scsi generic sg0 type 0
[    7.920269] sd 2:0:0:0: [sda] Write Protect is off
[    7.922104] sd 2:0:1:0: [sdb] 20480 512-byte logical blocks: (10.5 MB/10.0 MiB)
[    7.922183] sd 2:0:1:0: Attached scsi generic sg1 type 0
[    7.925661] sd 2:0:0:0: [sda] Incomplete mode parameter data
[    7.925663] sd 2:0:0:0: [sda] Assuming drive cache: write through
[    7.949539] sd 2:0:1:0: [sdb] Write Protect is off
[    7.951330] sd 2:0:1:0: [sdb] Incomplete mode parameter data
[    7.954446] sd 2:0:1:0: [sdb] Assuming drive cache: write through
[    8.006399]  sda: sda1
[    8.030982] sd 2:0:0:0: [sda] Attached SCSI disk
[    8.069702] sd 2:0:1:0: [sdb] Attached SCSI disk
[    9.361186] floppy0: no floppy controllers found
Begin: Loading essential drivers[   10.912005] md: linear personality registered for level -1
 ... [   10.946778] md: multipath personality registered for level -4
[   10.964325] md: raid0 personality registered for level 0
[   10.983979] md: raid1 personality registered for level 1
[   11.069583] raid6: sse2x1   gen()  4910 MB/s
[   11.150084] raid6: sse2x1   xor()  3610 MB/s
[   11.230192] raid6: sse2x2   gen()  7404 MB/s
[   11.313581] raid6: sse2x2   xor()  3810 MB/s
[   11.393285] raid6: sse2x4   gen()  6443 MB/s
[   11.460995] raid6: sse2x4   xor()  4425 MB/s
[   11.462695] raid6: using algorithm sse2x2 gen() 7404 MB/s
[   11.464704] raid6: .... xor() 3810 MB/s, rmw enabled
[   11.466583] raid6: using ssse3x2 recovery algorithm
[   11.486876] xor: automatically using best checksumming function:
[   11.533346]    avx       : 11092.000 MB/sec
[   11.536867] async_tx: api initialized (async)
[   11.553091] md: raid6 personality registered for level 6
[   11.605519] md: raid5 personality registered for level 5
[   11.606694] md: raid4 personality registered for level 4
[   11.615119] md: raid10 personality registered for level 10
done.
Begin: Running /scripts/init-premount ... done.
Begin: Mounting root file system ... Begin: Running /scripts/local-top ... done.
Begin: Running /scripts/local-premount ... [   11.676092] Btrfs loaded
Scanning for Btrfs filesystems
done.
Warning: fsck not present, so skipping root file system
[   11.858113] EXT4-fs (sda1): mounted filesystem with ordered data mode. Opts: (null)
done.
Begin: Running /scripts/local-bottom ... done.
Begin: Running /scripts/init-bottom ... done.
[   12.721971] random: nonblocking pool is initialized
[   13.034708] systemd[1]: systemd 229 running in system mode. (+PAM +AUDIT +SELINUX +IMA +APPARMOR +SMACK +SYSVINIT +UTMP +LIBCRYPTSETUP +GCRYPT +GNUTLS +ACL +XZ -LZ4 +SECCOMP +BLKID +ELFUTILS +KMOD -IDN)
[   13.146348] systemd[1]: Detected virtualization oracle.
[   13.174429] systemd[1]: Detected architecture x86-64.

Welcome to [1mUbuntu 16.04.1 LTS[0m!

[   13.397565] systemd[1]: Set hostname to <oracleweblogic>.
[   14.570484] systemd[1]: Listening on Journal Socket.
[[0;32m  OK  [0m] Listening on Journal Socket.
[   14.619483] systemd[1]: Reached target User and Group Name Lookups.
[[0;32m  OK  [0m] Reached target User and Group Name Lookups.
[   14.684234] systemd[1]: Reached target Swap.
[[0;32m  OK  [0m] Reached target Swap.
[   14.750131] systemd[1]: Listening on Journal Audit Socket.
[[0;32m  OK  [0m] Listening on Journal Audit Socket.
[   14.797806] systemd[1]: Listening on Syslog Socket.
[[0;32m  OK  [0m] Listening on Syslog Socket.
[   14.831671] systemd[1]: Started Forward Password Requests to Wall Directory Watch.
[[0;32m  OK  [0m] Started Forward Password Requests to Wall Directory Watch.
[   14.878967] systemd[1]: Created slice System Slice.
[[0;32m  OK  [0m] Created slice System Slice.
[   14.949408] systemd[1]: Starting Set console keymap...
         Starting Set console keymap...
[   14.997747] systemd[1]: Starting Remount Root and Kernel File Systems...
         Starting Remount Root and Kernel File Systems...
[   15.027322] systemd[1]: Mounting POSIX Message Queue File System...
         Mounting POSIX Message Queue File System...
[   15.109103] systemd[1]: Mounting Huge Pages File System...
         Mounting Huge Pages File System.[   15.180447] EXT4-fs (sda1): re-mounted. Opts: (null)
..
[   15.229383] systemd[1]: Mounting Debug File System...
         Mounting Debug File System...
[   15.322195] systemd[1]: Reached target Encrypted Volumes.
[[0;32m  OK  [0m] Reached target Encrypted Volumes.
[   15.368402] systemd[1]: Created slice User and Session Slice.
[[0;32m  OK  [0m] Created slice User and Session Slice.
[   15.399435] systemd[1]: Listening on LVM2 poll daemon socket.
[[0;32m  OK  [0m] Listening on LVM2 poll daemon socket.
[   15.452163] systemd[1]: Created slice system-serial\x2dgetty.slice.
[[0;32m  OK  [0m] Created slice system-serial\x2dgetty.slice.
[   15.489390] systemd[1]: Starting Create list of required static device nodes for the current kernel...
         Starting Create list of required st... nodes for the current kernel...
[   15.602826] systemd[1]: Reached target Slices.
[[0;32m  OK  [0m] Reached target Slices.
[   15.654364] systemd[1]: Listening on Journal Socket (/dev/log).
[[0;32m  OK  [0m] Listening on Journal Socket (/dev/log).
[   15.742337] systemd[1]: Starting Journal Service...
         Starting Journal Service...
[   15.774555] systemd[1]: Listening on /dev/initctl Compatibility Named Pipe.
[[0;32m  OK  [0m] Listening on /dev/initctl Compatibility Named Pipe.
[   15.837635] systemd[1]: Starting Uncomplicated firewall...
         Starting Uncomplicated firewall...
[   15.862310] systemd[1]: Set up automount Arbitrary Executable File Formats File System Automount Point.
[[0;32m  OK  [0m] Set up automount Arbitrary Executab...ats File System Automount Point.
[   16.001933] systemd[1]: Listening on udev Kernel Socket.
[[0;32m  OK  [0m] Listening on udev Kernel Socket.
[   16.077201] systemd[1]: Starting Nameserver information manager...
         Starting Nameserver information manager...
[   16.089473] systemd[1]: Listening on Device-mapper event daemon FIFOs.
[[0;32m  OK  [0m] Listening on Device-mapper event daemon FIFOs.
[   16.130036] systemd[1]: Listening on LVM2 metadata daemon socket.
[[0;32m  OK  [0m] Listening on LVM2 metadata daemon socket.
[   16.197570] systemd[1]: Starting Monitoring of LVM2 mirrors, snapshots etc. using dmeventd or progress polling...
         Starting Monitoring of LVM2 mirrors... dmeventd or progress polling...
[   16.227755] systemd[1]: Listening on udev Control Socket.
[[0;32m  OK  [0m] Listening on udev Control Socket.
[   16.353654] systemd[1]: Starting Load Kernel Modules...
         Starting Load Kernel Modules...
[   16.393268] systemd[1]: Mounted POSIX Message Queue File System.
[[0;32m  OK  [0m] Mounted POSIX Message Queue File System.
[   16.518509] systemd[1]: Mounted Huge Pages File System.
[[0;32m  OK  [[   16.550226] Loading iSCSI transport class v2.0-870.
0m] Mounted Huge Pages File System.
[   16.706064] systemd[1]: Mounted Debug File System.
[[0;32m  OK  [0m] Mounted Debu[   16.746656] iscsi: registered transport (tcp)
g File System.
[   16.781638] systemd[1]: Started Journal Service.
[[0;32m  OK  [0m] Started Journal Service.
[[0;32m  OK  [0m] Started Set [   16.868006] iscsi: registered transport (iser)
console keymap.
[[0;32m  OK  [0m] Started Remount Root and Kernel File Systems.
[[0;32m  OK  [0m] Started Create list of required sta...ce nodes for the current kernel.
[[0;32m  OK  [0m] Started Uncomplicated firewall.
[[0;32m  OK  [0m] Started Load Kernel Modules.
[[0;32m  OK  [0m] Started Nameserver information manager.
[[0;32m  OK  [0m] Started LVM2 metadata daemon.
         Starting Apply Kernel Variables...
         Mounting FUSE Control File System...
         Starting Create Static Device Nodes in /dev...
         Starting Load/Save Random Seed...
         Starting udev Coldplug all Devices...
         Starting Initial cloud-init job (pre-networking)...
         Starting Flush Journal to Persistent Storage...
[[0;32m  OK  [0m] Mounted FUSE Control File System.
[[0;32m  OK  [0m] Started Apply Kernel Variables.
[[0;32m  OK  [0m] Started Load/Save Random Seed.
[[0;32m  OK  [0m] Started udev Coldplug all Devices.
[[0;32m  OK  [0m] Started Flush Journal to Persistent Storage.
[[0;32m  OK  [0m] Started Monitoring of LVM2 mirrors,...ng dmeventd or progress polling.
[[0;32m  OK  [0m] Started Create Static Device Nodes in /dev.
         Starting udev Kernel Device Manager...
[[0;32m  OK  [0m] Started udev Kernel Device Manager.
[[0;32m  OK  [0m] Reached target Local File Systems (Pre).
[[0;32m  OK  [0m] Reached target Local File Systems.
         Starting Set console font and keymap...
         Starting Create Volatile Files and Directories...
         Starting LSB: AppArmor initialization...
         Starting Tell Plymouth To Write Out Runtime Data...
[[0;32m  OK  [0m] Started Dispatch Password Requests to Console Directory Watch.
[[0;32m  OK  [0m] Started Tell Plymouth To Write Out Runtime Data.
[[0;32m  OK  [0m] Found device /dev/ttyS0.
[[0;32m  OK  [0m] Started Create Volatile Files and Directories.
[[0;32m  OK  [0m] Reached target System Time Synchronized.
         Starting Update UTMP about System Boot/Shutdown...
[[0;32m  OK  [0m] Started Set console font and keymap.
[[0;32m  OK  [0m] Created slice system-getty.slice.
[[0;32m  OK  [0m] Started Update UTMP about System Boot/Shutdown.
[[0;32m  OK  [0m] Found device 82540EM Gigabit Ethern...r (PRO/1000 MT Desktop Adapter).
[[0;32m  OK  [0m] Found device 82540EM Gigabit Ethern...r (PRO/1000 MT Desktop Adapter).
[[0;32m  OK  [0m] Started LSB: AppArmor initialization.
[[0;32m  OK  [0m] Listening on Load/Save RF Kill Switch Status /dev/rfkill Watch.
[   24.728611] cloud-init[478]: Cloud-init v. 0.7.8 running 'init-local' at Sat, 25 Feb 2017 03:28:22 +0000. Up 23.73 seconds.
[[0;32m  OK  [0m] Started Initial cloud-init job (pre-networking).
[[0;32m  OK  [0m] Reached target Network (Pre).
         Starting Raise network interfaces...
[[0;32m  OK  [0m] Started ifup for enp0s8.
[[0;32m  OK  [0m] Started ifup for enp0s3.
[[0;32m  OK  [0m] Started Raise network interfaces.
[[0;32m  OK  [0m] Reached target Network.
         Starting Initial cloud-init job (metadata service crawler)...
[   27.095299] cloud-init[1163]: Cloud-init v. 0.7.8 running 'init' at Sat, 25 Feb 2017 03:28:24 +0000. Up 26.17 seconds.
[   27.106289] cloud-init[1163]: ci-info: ++++++++++++++++++++++++++++++++++++++Net device info++++++++++++++++++++++++++++++++++++++
[   27.129938] cloud-init[1163]: ci-info: +--------+------+-----------------------------+---------------+-------+-------------------+
[   27.147358] cloud-init[1163]: ci-info: | Device |  Up  |           Address           |      Mask     | Scope |     Hw-Address    |
[   27.154116] cloud-init[1163]: ci-info: +--------+------+-----------------------------+---------------+-------+-------------------+
[   27.158838] cloud-init[1163]: ci-info: | enp0s8 | True |        192.168.33.95        | 255.255.255.0 |   .   | 08:00:27:45:d0:17 |
[   27.167373] cloud-init[1163]: ci-info: | enp0s8 | True | fe80::a00:27ff:fe45:d017/64 |       .       |  link | 08:00:27:45:d0:17 |
[   27.196210] cloud-init[1163]: ci-info: |   lo   | True |          127.0.0.1          |   255.0.0.0   |   .   |         .         |
[   27.205189] cloud-init[1163]: ci-info: |   lo   | True |           ::1/128           |       .       |  host |         .         |
[   27.216267] cloud-init[1163]: ci-info: | enp0s3 | True |          10.0.2.15          | 255.255.255.0 |   .   | 02:29:99:d5:6c:03 |
[   27.220973] cloud-init[1163]: ci-info: | enp0s3 | True |  fe80::29:99ff:fed5:6c03/64 |       .       |  link | 02:29:99:d5:6c:03 |
[[0;32m  OK  [0m] Started Initial cloud-init job (metadata service crawler).
[   27.241135] [[0;32m  OK  [0m] Reached target Network is Online.
cloud-init[1163]: ci-info: +--------+------+-----------------------------+---------------+-------+-------------------+
         Starting iSCSI initiator daemon (iscsid)...
[[0;32m  OK  [0m] Reached target Cloud-config availability.
[   27.338364] cloud-init[1163]: ci-info: ++++++++++++++++++++++++++++Route IPv4 info++++++++++++++++++++++++++++
[   27.412803] [cloud-init[0;32m  OK  [0m[1163]: ] ci-info: +-------+--------------+----------+---------------+-----------+-------+Reached target System Initialization.

[   27.413614] cloud-init[1163]: ci-info: | Route | Destination  | Gateway  |    Genmask    | Interface | Flags |
[   27.422979] cloud-init[1163]: ci-info: +-------+--------------+----------+---------------+-----------+-------+
[   27.427383] cloud-init[1163]: ci-info: |   0   |   0.0.0.0    | 10.0.2.2 |    0.0.0.0    |   enp0s3  |   UG  |
[   27.453986] [cloud-init[0;32m  OK  [0m[1163]: ] ci-info: |   1   |   10.0.2.0   | 0.0.0.0  | 255.255.255.0 |   enp0s3  |   U   |Started ACPI Events Check.

[   27.454665]          cloud-initStarting Socket activation for snappy daemon.[1163]: 
ci-info: |   2   | 192.168.33.0 | 0.0.0.0  | 255.255.255.0 |   enp0s8  |   U   |
[   27.527469] [[0;32m  OK  [0m] Started Trigger resolvconf update for networkd DNS.
cloud-init[1163]: ci-info: +-------+--------------+----------+---------------+-----------+-------+
[[0;32m  OK  [0m] Reached target Paths.
         Starting LXD - unix socket.
[[0;32m  OK  [0m] Started Timer to automatically refresh installed snaps.
[[0;32m  OK  [0m] Listening on UUID daemon activation socket.
[[0;32m  OK  [0m] Listening on ACPID Listen Socket.
[[0;32m  OK  [0m] Started Daily apt activities.
[[0;32m  OK  [0m] Started Daily Cleanup of Temporary Directories.
[[0;32m  OK  [0m] Reached target Timers.
[[0;32m  OK  [0m] Listening on D-Bus System Message Bus Socket.
[[0;32m  OK  [0m] Listening on Socket activation for snappy daemon.
[[0;32m  OK  [0m] Listening on LXD - unix socket.
[[0;32m  OK  [0m] Reached target Sockets.
[[0;32m  OK  [0m] Reached target Basic System.
         Starting Apply the settings specified in cloud-config...
         Starting Accounts Service...
[[0;32m  OK  [0m] Started D-Bus System Message Bus.
[[0;32m  OK  [0m] Started Regular background program processing daemon.
         Starting LXD - container startup/shutdown...
         Starting LSB: Record successful boot for GRUB...
         Starting System Logging Service...
[[0;32m  OK  [0m] Started ACPI event daemon.
[[0;32m  OK  [0m] Started Deferred execution scheduler.
         Starting OpenBSD Secure Shell server...
         Starting /etc/rc.local Compatibility...
         Starting LSB: MD monitoring daemon...
[[0;32m  OK  [0m] Started FUSE filesystem for LXC.
         Starting Login Service...
[[0;32m  OK  [0m] Started Snappy daemon.
         Starting Auto import assertions from block devices...
[[0;32m  OK  [0m] Started iSCSI initiator daemon (iscsid).
[[0;32m  OK  [0m] Started /etc/rc.local Compatibility.
[[0;32m  OK  [0m] Started Auto import assertions from block devices.
         Starting Authenticate and Authorize Users to Run Privileged Tasks...
         Starting Login to default iSCSI targets...
[[0;32m  OK  [0m] Started Login Service.
[[0;32m  OK  [0m] Started LSB: Record successful boot for GRUB.
[   30.070654] cloud-init[1213]: Cloud-init v. 0.7.8 running 'modules:config' at Sat, 25 Feb 2017 03:28:27 +0000. Up 28.83 seconds.
[[0;32m  OK  [0m] Started Apply the settings specified in cloud-config.
[[0;32m  OK  [0m] Started Login to default iSCSI targets.
[[0;32m  OK  [0m] Reached target Remote File Systems (Pre).
[[0;32m  OK  [0m] Reached target Remote File Systems.
         Starting LSB: automatic crash report generation...
         Starting LSB: daemon to balance interrupts for SMP systems...
         Starting Permit User Sessions...
         Starting LSB: Set the CPU Frequency Scaling governor to "ondemand"...
         Starting LSB: VirtualBox Linux Additions...
[[0;32m  OK  [0m] Started System Logging Service.
[[0;32m  OK  [0m] Started LSB: MD monitoring daemon.
[[0;32m  OK  [0m] Started Permit User Sessions.
[[0;32m  OK  [0m] Started LSB: Set the CPU Frequency Scaling governor to "ondemand".
[[0;32m  OK  [0m] Started Authenticate and Authorize Users to Run Privileged Tasks.
[[0;32m  OK  [0m] Started Accounts Service.
         Starting Terminate Plymouth Boot Screen...
         Starting Hold until boot process finishes up...
[[0;32m  OK  [0m] Started Terminate Plymouth Boot Screen.
[[0;32m  OK  [0m] Started Hold until boot process finishes up.
[[0;32m  OK  [0m] Started Getty on tty1.
[[0;32m  OK  [0m] Started Serial Getty on ttyS0.
[[0;32m  OK  [0m] Reached target Login Prompts.
         Starting Set console scheme...
[[0;32m  OK  [0m] Started LSB: automatic crash report generation.
[[0;32m  OK  [0m] Started LSB: daemon to balance interrupts for SMP systems.
[[0;32m  OK  [0m] Started Set console scheme.
[[0;32m  OK  [0m] Started OpenBSD Secure Shell server.
[[0;32m  OK  [0m] Started LSB: VirtualBox Linux Additions.
[[0;32m  OK  [0m] Created slice User Slice of ubuntu.
[[0;32m  OK  [0m] Started LXD - container startup/shutdown.
         Starting User Manager for UID 1000...
[[0;32m  OK  [0m] Reached target Multi-User System.
         Starting Execute cloud user/final scripts...
[[0;32m  OK  [0m] Reached target Graphical Interface.
         Starting Update UTMP about System Runlevel Changes...
[[0;32m  OK  [0m] Started User Manager for UID 1000.
[[0;32m  OK  [0m] Started Update UTMP about System Runlevel Changes.
[[0;32m  OK  [0m] Started Session 1 of user ubuntu.
[   34.228863] cloud-init[1396]: Cloud-init v. 0.7.8 running 'modules:final' at Sat, 25 Feb 2017 03:28:32 +0000. Up 33.84 seconds.
[   34.235445] cloud-init[1396]: Cloud-init v. 0.7.8 finished at Sat, 25 Feb 2017 03:28:32 +0000. Datasource DataSourceNoCloud [seed=/dev/sdb][dsmode=net].  Up 34.21 seconds
[[0;32m  OK  [0m] Started Execute cloud user/final scripts.
[[0;32m  OK  [0m] Reached target Cloud-init target.

Ubuntu 16.04.1 LTS oracleweblogic ttyS0

oracleweblogic login:          Stopping Authenticate and Authorizn         Stopping LSB: Record successful boot for GRUB...
         Stopping LSB: Set the CPU Frequency Scaling governor to "ondemand"...
         Stopping LSB: MD monitoring daemon...
[[0;32m  OK  [0m] Unmounted /var/lib/lxcfs.
[[0;32m  OK  [0m] Stopped Accounts Service.
[[0;32m  OK  [0m] Stopped Regular background program processing daemon.
[[0;32m  OK  [0m] Stopped System Logging Service.
[[0;32m  OK  [0m] Stopped ACPI event daemon.
[[0;32m  OK  [0m] Stopped Deferred execution scheduler.
[[0;32m  OK  [0m] Stopped OpenBSD Secure Shell server.
[[0;32m  OK  [0m] Stopped Snappy daemon.
[[0;32m  OK  [0m] Stopped Authenticate and Authorize Users to Run Privileged Tasks.
[[0;32m  OK  [0m] Stopped Getty on tty1.
[[0;32m  OK  [0m] Stopped Serial Getty on ttyS0.
[[0;32m  OK  [0m] Stopped User Manager for UID 1000.
[[0;32m  OK  [0m] Stopped Session 4 of user ubuntu.
[[0;32m  OK  [0m] Stopped D-Bus System Message Bus.
[[0;32m  OK  [0m] Stopped FUSE filesystem for LXC.
[[0;32m  OK  [0m] Stopped LXD - container startup/shutdown.
[[0;32m  OK  [0m] Stopped LSB: daemon to balance interrupts for SMP systems.
[[0;32m  OK  [0m] Stopped LSB: Record successful boot for GRUB.
[[0;32m  OK  [0m] Stopped LSB: automatic crash report generation.
[[0;32m  OK  [0m] Stopped LSB: VirtualBox Linux Additions.
[[0;32m  OK  [0m] Stopped LSB: Set the CPU Frequency Scaling governor to "ondemand".
[[0;32m  OK  [0m] Stopped LSB: MD monitoring daemon.
[[0;32m  OK  [0m] Removed slice User Slice of ubuntu.
         Stopping Login Service...
[[0;32m  OK  [0m] Removed slice system-serial\x2dgetty.slice.
[[0;32m  OK  [0m] Stopped /etc/rc.local Compatibility.
[[0;32m  OK  [0m] Removed slice system-getty.slice.
         Stopping Permit User Sessions...
[[0;32m  OK  [0m] Stopped Permit User Sessions.
[[0;32m  OK  [0m] Stopped Login Service.
[[0;32m  OK  [0m] Stopped target Remote File Systems.
[[0;32m  OK  [0m] Stopped target Remote File Systems (Pre).
         Stopping Login to default iSCSI targets...
[[0;32m  OK  [0m] Stopped target User and Group Name Lookups.
[[0;32m  OK  [0m] Stopped target Basic System.
[[0;32m  OK  [0m] Stopped target Slices.
[[0;32m  OK  [0m] Removed slice User and Session Slice.
[[0;32m  OK  [0m] Stopped target Sockets.
[[0;32m  OK  [0m] Closed ACPID Listen Socket.
[[0;32m  OK  [0m] Closed UUID daemon activation socket.
[[0;32m  OK  [0m] Closed D-Bus System Message Bus Socket.
[[0;32m  OK  [0m] Closed LXD - unix socket.
[[0;32m  OK  [0m] Closed Syslog Socket.
[[0;32m  OK  [0m] Closed Socket activation for snappy daemon.
[[0;32m  OK  [0m] Stopped target Paths.
[[0;32m  OK  [0m] Stopped ACPI Events Check.
[[0;32m  OK  [0m] Stopped Dispatch Password Requests to Console Directory Watch.
[[0;32m  OK  [0m] Stopped Trigger resolvconf update for networkd DNS.
[[0;32m  OK  [0m] Stopped Forward Password Requests to Wall Directory Watch.
[[0;32m  OK  [0m] Stopped target System Initialization.
         Stopping Load/Save Random Seed...
[[0;32m  OK  [0m] Stopped target Swap.
[[0;32m  OK  [0m] Stopped target Encrypted Volumes.
         Stopping Update UTMP about System Boot/Shutdown...
[[0;32m  OK  [0m] Stopped Load/Save Random Seed.
[[0;32m  OK  [0m] Stopped Login to default iSCSI targets.
[[0;32m  OK  [0m] Stopped Update UTMP about System Boot/Shutdown.
[[0;32m  OK  [0m] Stopped Create Volatile Files and Directories.
         Stopping iSCSI initiator daemon (iscsid)...
[[0;32m  OK  [0m] Stopped iSCSI initiator daemon (iscsid).
[[0;32m  OK  [0m] Stopped target Network is Online.
[[0;32m  OK  [0m] Stopped target Network.
[[0;32m  OK  [0m] Stopped Initial cloud-init job (metadata service crawler).
         Stopping Raise network interfaces...
[[0;32m  OK  [0m] Stopped Raise network interfaces.
[[0;32m  OK  [0m] Stopped target Network (Pre).
[[0;32m  OK  [0m] Stopped Initial cloud-init job (pre-networking).
[[0;32m  OK  [0m] Stopped Apply Kernel Variables.
[[0;32m  OK  [0m] Stopped Load Kernel Modules.
[[0;32m  OK  [0m] Stopped target Local File Systems.
         Unmounting /vagrant...
         Unmounting /run/user/1000...
         Starting Unattended Upgrades Shutdown...
[[0;32m  OK  [0m] Unmounted /vagrant.
[[0;32m  OK  [0m] Unmounted /run/user/1000.
[[0;32m  OK  [0m] Reached target Unmount All Filesystems.
[[0;32m  OK  [0m] Stopped target Local File Systems (Pre).
[[0;32m  OK  [0m] Stopped Create Static Device Nodes in /dev.
[[0;32m  OK  [0m] Stopped Remount Root and Kernel File Systems.
         Stopping Monitoring of LVM2 mirrors... dmeventd or progress polling...
[[0;32m  OK  [0m] Started Unattended Upgrades Shutdown.
[[0;32m  OK  [0m] Stopped Monitoring of LVM2 mirrors,...ng dmeventd or progress polling.
         Stopping LVM2 metadata daemon...
[[0;32m  OK  [0m] Reached target Shutdown.
[ 1192.119649] reboot: Power down
