[    0.000000] Initializing cgroup subsys cpuset
[    0.000000] Initializing cgroup subsys cpu
[    0.000000] Initializing cgroup subsys cpuacct
[    0.000000] Linux version 4.4.0-64-generic (buildd@lgw01-56) (gcc version 5.4.0 20160609 (Ubuntu 5.4.0-6ubuntu1~16.04.4) ) #85-Ubuntu SMP Mon Feb 20 11:50:30 UTC 2017 (Ubuntu 4.4.0-64.85-generic 4.4.44)
[    0.000000] Command line: BOOT_IMAGE=/boot/vmlinuz-4.4.0-64-generic root=UUID=d9887f06-a437-4eb0-8acf-5c6da16c7bb3 ro console=tty1 console=ttyS0
[    0.000000] KERNEL supported cpus:
[    0.000000]   Intel GenuineIntel
[    0.000000]   AMD AuthenticAMD
[    0.000000]   Centaur CentaurHauls
[    0.000000] x86/fpu: xstate_offset[2]:  576, xstate_sizes[2]:  256
[    0.000000] x86/fpu: Supporting XSAVE feature 0x01: 'x87 floating point registers'
[    0.000000] x86/fpu: Supporting XSAVE feature 0x02: 'SSE registers'
[    0.000000] x86/fpu: Supporting XSAVE feature 0x04: 'AVX registers'
[    0.000000] x86/fpu: Enabled xstate features 0x7, context size is 832 bytes, using 'standard' format.
[    0.000000] x86/fpu: Using 'lazy' FPU context switches.
[    0.000000] e820: BIOS-provided physical RAM map:
[    0.000000] BIOS-e820: [mem 0x0000000000000000-0x000000000009fbff] usable
[    0.000000] BIOS-e820: [mem 0x000000000009fc00-0x000000000009ffff] reserved
[    0.000000] BIOS-e820: [mem 0x00000000000f0000-0x00000000000fffff] reserved
[    0.000000] BIOS-e820: [mem 0x0000000000100000-0x00000000dffeffff] usable
[    0.000000] BIOS-e820: [mem 0x00000000dfff0000-0x00000000dfffffff] ACPI data
[    0.000000] BIOS-e820: [mem 0x00000000fec00000-0x00000000fec00fff] reserved
[    0.000000] BIOS-e820: [mem 0x00000000fee00000-0x00000000fee00fff] reserved
[    0.000000] BIOS-e820: [mem 0x00000000fffc0000-0x00000000ffffffff] reserved
[    0.000000] BIOS-e820: [mem 0x0000000100000000-0x000000011fffffff] usable
[    0.000000] NX (Execute Disable) protection: active
[    0.000000] SMBIOS 2.5 present.
[    0.000000] Hypervisor detected: KVM
[    0.000000] e820: last_pfn = 0x120000 max_arch_pfn = 0x400000000
[    0.000000] MTRR: Disabled
[    0.000000] x86/PAT: MTRRs disabled, skipping PAT initialization too.
[    0.000000] x86/PAT: Configuration [0-7]: WB  WT  UC- UC  WB  WT  UC- UC  
[    0.000000] CPU MTRRs all blank - virtualized system.
[    0.000000] e820: last_pfn = 0xdfff0 max_arch_pfn = 0x400000000
[    0.000000] found SMP MP-table at [mem 0x0009fff0-0x0009ffff] mapped at [ffff88000009fff0]
[    0.000000] Scanning 1 areas for low memory corruption
[    0.000000] RAMDISK: [mem 0x338e0000-0x35c67fff]
[    0.000000] ACPI: Early table checksum verification disabled
[    0.000000] ACPI: RSDP 0x00000000000E0000 000024 (v02 VBOX  )
[    0.000000] ACPI: XSDT 0x00000000DFFF0030 00003C (v01 VBOX   VBOXXSDT 00000001 ASL  00000061)
[    0.000000] ACPI: FACP 0x00000000DFFF00F0 0000F4 (v04 VBOX   VBOXFACP 00000001 ASL  00000061)
[    0.000000] ACPI: DSDT 0x00000000DFFF0470 00210F (v01 VBOX   VBOXBIOS 00000002 INTL 20100528)
[    0.000000] ACPI: FACS 0x00000000DFFF0200 000040
[    0.000000] ACPI: FACS 0x00000000DFFF0200 000040
[    0.000000] ACPI: APIC 0x00000000DFFF0240 00005C (v02 VBOX   VBOXAPIC 00000001 ASL  00000061)
[    0.000000] ACPI: SSDT 0x00000000DFFF02A0 0001CC (v01 VBOX   VBOXCPUT 00000002 INTL 20100528)
[    0.000000] No NUMA configuration found
[    0.000000] Faking a node at [mem 0x0000000000000000-0x000000011fffffff]
[    0.000000] NODE_DATA(0) allocated [mem 0x11fff7000-0x11fffbfff]
[    0.000000] kvm-clock: Using msrs 4b564d01 and 4b564d00
[    0.000000] kvm-clock: cpu 0, msr 1:1ffef001, primary cpu clock
[    0.000000] kvm-clock: using sched offset of 4577608593 cycles
[    0.000000] clocksource: kvm-clock: mask: 0xffffffffffffffff max_cycles: 0x1cd42e4dffb, max_idle_ns: 881590591483 ns
[    0.000000] Zone ranges:
[    0.000000]   DMA      [mem 0x0000000000001000-0x0000000000ffffff]
[    0.000000]   DMA32    [mem 0x0000000001000000-0x00000000ffffffff]
[    0.000000]   Normal   [mem 0x0000000100000000-0x000000011fffffff]
[    0.000000]   Device   empty
[    0.000000] Movable zone start for each node
[    0.000000] Early memory node ranges
[    0.000000]   node   0: [mem 0x0000000000001000-0x000000000009efff]
[    0.000000]   node   0: [mem 0x0000000000100000-0x00000000dffeffff]
[    0.000000]   node   0: [mem 0x0000000100000000-0x000000011fffffff]
[    0.000000] Initmem setup node 0 [mem 0x0000000000001000-0x000000011fffffff]
[    0.000000] ACPI: PM-Timer IO Port: 0x4008
[    0.000000] IOAPIC[0]: apic_id 2, version 32, address 0xfec00000, GSI 0-23
[    0.000000] ACPI: INT_SRC_OVR (bus 0 bus_irq 0 global_irq 2 dfl dfl)
[    0.000000] ACPI: INT_SRC_OVR (bus 0 bus_irq 9 global_irq 9 high level)
[    0.000000] Using ACPI (MADT) for SMP configuration information
[    0.000000] smpboot: Allowing 2 CPUs, 0 hotplug CPUs
[    0.000000] PM: Registered nosave memory: [mem 0x00000000-0x00000fff]
[    0.000000] PM: Registered nosave memory: [mem 0x0009f000-0x0009ffff]
[    0.000000] PM: Registered nosave memory: [mem 0x000a0000-0x000effff]
[    0.000000] PM: Registered nosave memory: [mem 0x000f0000-0x000fffff]
[    0.000000] PM: Registered nosave memory: [mem 0xdfff0000-0xdfffffff]
[    0.000000] PM: Registered nosave memory: [mem 0xe0000000-0xfebfffff]
[    0.000000] PM: Registered nosave memory: [mem 0xfec00000-0xfec00fff]
[    0.000000] PM: Registered nosave memory: [mem 0xfec01000-0xfedfffff]
[    0.000000] PM: Registered nosave memory: [mem 0xfee00000-0xfee00fff]
[    0.000000] PM: Registered nosave memory: [mem 0xfee01000-0xfffbffff]
[    0.000000] PM: Registered nosave memory: [mem 0xfffc0000-0xffffffff]
[    0.000000] e820: [mem 0xe0000000-0xfebfffff] available for PCI devices
[    0.000000] Booting paravirtualized kernel on KVM
[    0.000000] clocksource: refined-jiffies: mask: 0xffffffff max_cycles: 0xffffffff, max_idle_ns: 7645519600211568 ns
[    0.000000] setup_percpu: NR_CPUS:512 nr_cpumask_bits:512 nr_cpu_ids:2 nr_node_ids:1
[    0.000000] PERCPU: Embedded 33 pages/cpu @ffff88011fc00000 s98264 r8192 d28712 u1048576
[    0.000000] PV qspinlock hash table entries: 256 (order: 0, 4096 bytes)
[    0.000000] Built 1 zonelists in Node order, mobility grouping on.  Total pages: 1032057
[    0.000000] Policy zone: Normal
[    0.000000] Kernel command line: BOOT_IMAGE=/boot/vmlinuz-4.4.0-64-generic root=UUID=d9887f06-a437-4eb0-8acf-5c6da16c7bb3 ro console=tty1 console=ttyS0
[    0.000000] PID hash table entries: 4096 (order: 3, 32768 bytes)
[    0.000000] Memory: 4006704K/4193848K available (8452K kernel code, 1293K rwdata, 3980K rodata, 1488K init, 1316K bss, 187144K reserved, 0K cma-reserved)
[    0.000000] SLUB: HWalign=64, Order=0-3, MinObjects=0, CPUs=2, Nodes=1
[    0.000000] Hierarchical RCU implementation.
[    0.000000] 	Build-time adjustment of leaf fanout to 64.
[    0.000000] 	RCU restricting CPUs from NR_CPUS=512 to nr_cpu_ids=2.
[    0.000000] RCU: Adjusting geometry for rcu_fanout_leaf=64, nr_cpu_ids=2
[    0.000000] NR_IRQS:33024 nr_irqs:440 16
[    0.000000] Console: colour VGA+ 80x25
[    0.000000] console [tty1] enabled
[    0.000000] console [ttyS0] enabled
[    0.000000] tsc: Detected 2294.796 MHz processor
[    1.785952] Calibrating delay loop (skipped) preset value.. 4589.59 BogoMIPS (lpj=9179184)
[    1.792926] pid_max: default: 32768 minimum: 301
[    1.794583] ACPI: Core revision 20150930
[    1.797773] ACPI: 2 ACPI AML tables successfully acquired and loaded
[    1.825868] Security Framework initialized
[    1.829578] Yama: becoming mindful.
[    1.840210] AppArmor: AppArmor initialized
[    1.842818] Dentry cache hash table entries: 524288 (order: 10, 4194304 bytes)
[    1.854212] Inode-cache hash table entries: 262144 (order: 9, 2097152 bytes)
[    1.863550] Mount-cache hash table entries: 8192 (order: 4, 65536 bytes)
[    1.867096] Mountpoint-cache hash table entries: 8192 (order: 4, 65536 bytes)
[    1.872579] Initializing cgroup subsys io
[    1.877986] Initializing cgroup subsys memory
[    1.892758] Initializing cgroup subsys devices
[    1.914152] Initializing cgroup subsys freezer
[    1.915824] Initializing cgroup subsys net_cls
[    1.917460] Initializing cgroup subsys perf_event
[    1.919196] Initializing cgroup subsys net_prio
[    1.920880] Initializing cgroup subsys hugetlb
[    1.924943] Initializing cgroup subsys pids
[    1.930754] CPU: Physical Processor ID: 0
[    1.931921] CPU: Processor Core ID: 0
[    1.933067] mce: CPU supports 0 MCE banks
[    1.934263] Last level iTLB entries: 4KB 512, 2MB 8, 4MB 8
[    1.935737] Last level dTLB entries: 4KB 512, 2MB 32, 4MB 32, 1GB 0
[    1.941058] Freeing SMP alternatives memory: 32K (ffffffff820b9000 - ffffffff820c1000)
[    1.956235] ftrace: allocating 32123 entries in 126 pages
[    2.018970] smpboot: APIC(0) Converting physical 0 to logical package 0
[    2.026307] smpboot: Max logical packages: 1
[    2.028213] x2apic enabled
[    2.029877] Switched APIC routing to physical x2apic.
[    2.033368] ..TIMER: vector=0x30 apic1=0 pin1=2 apic2=-1 pin2=-1
[    2.141178] smpboot: CPU0: Intel(R) Core(TM) i5-2410M CPU @ 2.30GHz (family: 0x6, model: 0x2a, stepping: 0x7)
[    2.172857] Performance Events: unsupported p6 CPU model 42 no PMU driver, software events only.
[    2.199645] KVM setup paravirtual spinlock
[    2.203776] x86: Booting SMP configuration:
[    2.225060] .... node  #0, CPUs:      #1
[    2.226551] kvm-clock: cpu 1, msr 1:1ffef041, secondary cpu clock
[    2.227899] mce: CPU supports 0 MCE banks
[    2.237048] x86: Booted up 1 node, 2 CPUs
[    2.238934] smpboot: Total of 2 processors activated (9179.18 BogoMIPS)
[    2.265613] devtmpfs: initialized
[    2.303752] evm: security.selinux
[    2.313680] evm: security.SMACK64
[    2.320690] evm: security.SMACK64EXEC
[    2.321847] evm: security.SMACK64TRANSMUTE
[    2.323056] evm: security.SMACK64MMAP
[    2.324201] evm: security.ima
[    2.325246] evm: security.capability
[    2.326582] clocksource: jiffies: mask: 0xffffffff max_cycles: 0xffffffff, max_idle_ns: 7645041785100000 ns
[    2.357195] pinctrl core: initialized pinctrl subsystem
[    2.390114] RTC time:  3:35:51, date: 03/02/17
[    2.416132] NET: Registered protocol family 16
[    2.460741] cpuidle: using governor ladder
[    2.500791] cpuidle: using governor menu
[    2.523233] PCCT header not found.
[    2.530195] ACPI: bus type PCI registered
[    2.531443] acpiphp: ACPI Hot Plug PCI Controller Driver version: 0.5
[    2.533661] PCI: Using configuration type 1 for base access
[    2.556482] ACPI: Added _OSI(Module Device)
[    2.579564] ACPI: Added _OSI(Processor Device)
[    2.582974] ACPI: Added _OSI(3.0 _SCP Extensions)
[    2.584822] ACPI: Added _OSI(Processor Aggregator Device)
[    2.587293] ACPI: Executed 1 blocks of module-level executable AML code
[    2.591298] ACPI: Interpreter enabled
[    2.602507] ACPI: (supports S0 S5)
[    2.603970] ACPI: Using IOAPIC for interrupt routing
[    2.605926] PCI: Using host bridge windows from ACPI; if necessary, use "pci=nocrs" and report a bug
[    2.617559] ACPI: PCI Root Bridge [PCI0] (domain 0000 [bus 00-ff])
[    2.629254] acpi PNP0A03:00: _OSC: OS supports [ASPM ClockPM Segments MSI]
[    2.631483] acpi PNP0A03:00: _OSC failed (AE_NOT_FOUND); disabling ASPM
[    2.633780] acpi PNP0A03:00: fail to add MMCONFIG information, can't access extended PCI configuration space under this bridge.
[    2.637955] PCI host bridge to bus 0000:00
[    2.651066] pci_bus 0000:00: root bus resource [io  0x0000-0x0cf7 window]
[    2.657959] pci_bus 0000:00: root bus resource [io  0x0d00-0xffff window]
[    2.659758] pci_bus 0000:00: root bus resource [mem 0x000a0000-0x000bffff window]
[    2.666371] pci_bus 0000:00: root bus resource [mem 0xe0000000-0xffdfffff window]
[    2.688562] pci_bus 0000:00: root bus resource [bus 00-ff]
[    2.693827] pci 0000:00:01.1: legacy IDE quirk: reg 0x10: [io  0x01f0-0x01f7]
[    2.700043] pci 0000:00:01.1: legacy IDE quirk: reg 0x14: [io  0x03f6]
[    2.701878] pci 0000:00:01.1: legacy IDE quirk: reg 0x18: [io  0x0170-0x0177]
[    2.707679] pci 0000:00:01.1: legacy IDE quirk: reg 0x1c: [io  0x0376]
[    2.757642] pci 0000:00:07.0: quirk: [io  0x4000-0x403f] claimed by PIIX4 ACPI
[    2.773896] pci 0000:00:07.0: quirk: [io  0x4100-0x410f] claimed by PIIX4 SMB
[    2.811224] ACPI: PCI Interrupt Link [LNKA] (IRQs 5 9 10 *11)
[    2.826740] ACPI: PCI Interrupt Link [LNKB] (IRQs 5 9 10 *11)
[    2.836570] ACPI: PCI Interrupt Link [LNKC] (IRQs 5 9 *10 11)
[    2.839292] ACPI: PCI Interrupt Link [LNKD] (IRQs 5 *9 10 11)
[    2.843553] ACPI: Enabled 2 GPEs in block 00 to 07
[    2.845842] vgaarb: setting as boot device: PCI:0000:00:02.0
[    2.847401] vgaarb: device added: PCI:0000:00:02.0,decodes=io+mem,owns=io+mem,locks=none
[    2.855008] vgaarb: loaded
[    2.855932] vgaarb: bridge control possible 0000:00:02.0
[    2.857618] SCSI subsystem initialized
[    2.858881] ACPI: bus type USB registered
[    2.860510] usbcore: registered new interface driver usbfs
[    2.862488] usbcore: registered new interface driver hub
[    2.864449] usbcore: registered new device driver usb
[    2.866500] PCI: Using ACPI for IRQ routing
[    2.871853] NetLabel: Initializing
[    2.873172] NetLabel:  domain hash size = 128
[    2.874808] NetLabel:  protocols = UNLABELED CIPSOv4
[    2.876578] NetLabel:  unlabeled traffic allowed by default
[    2.878680] amd_nb: Cannot enumerate AMD northbridges
[    2.898303] clocksource: Switched to clocksource kvm-clock
[    2.923392] AppArmor: AppArmor Filesystem Enabled
[    2.926019] pnp: PnP ACPI init
[    2.927950] pnp: PnP ACPI: found 3 devices
[    2.944202] clocksource: acpi_pm: mask: 0xffffff max_cycles: 0xffffff, max_idle_ns: 2085701024 ns
[    2.970294] NET: Registered protocol family 2
[    2.975291] TCP established hash table entries: 32768 (order: 6, 262144 bytes)
[    2.989700] TCP bind hash table entries: 32768 (order: 7, 524288 bytes)
[    3.012170] TCP: Hash tables configured (established 32768 bind 32768)
[    3.023364] UDP hash table entries: 2048 (order: 4, 65536 bytes)
[    3.024966] UDP-Lite hash table entries: 2048 (order: 4, 65536 bytes)
[    3.026704] NET: Registered protocol family 1
[    3.027999] pci 0000:00:00.0: Limiting direct PCI/PCI transfers
[    3.029594] pci 0000:00:01.0: Activating ISA DMA hang workarounds
[    3.031377] Trying to unpack rootfs image as initramfs...
[    3.663579] Freeing initrd memory: 36384K (ffff8800338e0000 - ffff880035c68000)
[    3.672734] PCI-DMA: Using software bounce buffering for IO (SWIOTLB)
[    3.676102] software IO TLB [mem 0xdbff0000-0xdfff0000] (64MB) mapped at [ffff8800dbff0000-ffff8800dffeffff]
[    3.678840] RAPL PMU detected, API unit is 2^-32 Joules, 3 fixed counters 10737418240 ms ovfl timer
[    3.681415] hw unit of domain pp0-core 2^-0 Joules
[    3.682777] hw unit of domain package 2^-0 Joules
[    3.686800] hw unit of domain pp1-gpu 2^-0 Joules
[    3.689463] platform rtc_cmos: registered platform RTC device (no PNP device found)
[    3.691733] Scanning for low memory corruption every 60 seconds
[    3.693883] futex hash table entries: 512 (order: 3, 32768 bytes)
[    3.697224] audit: initializing netlink subsys (disabled)
[    3.699244] audit: type=2000 audit(1488425756.732:1): initialized
[    3.701691] Initialise system trusted keyring
[    3.703622] HugeTLB registered 2 MB page size, pre-allocated 0 pages
[    3.708283] zbud: loaded
[    3.709834] VFS: Disk quotas dquot_6.6.0
[    3.711437] VFS: Dquot-cache hash table entries: 512 (order 0, 4096 bytes)
[    3.714119] squashfs: version 4.0 (2009/01/31) Phillip Lougher
[    3.716665] fuse init (API version 7.23)
[    3.718504] Key type big_key registered
[    3.724905] Allocating IMA MOK and blacklist keyrings.
[    3.729334] Key type asymmetric registered
[    3.736540] Asymmetric key parser 'x509' registered
[    3.745196] Block layer SCSI generic (bsg) driver version 0.4 loaded (major 249)
[    3.748144] io scheduler noop registered
[    3.749634] io scheduler deadline registered (default)
[    3.751645] io scheduler cfq registered
[    3.755034] pci_hotplug: PCI Hot Plug PCI Core version: 0.5
[    3.766240] pciehp: PCI Express Hot Plug Controller Driver version: 0.4
[    3.768294] ACPI: AC Adapter [AC] (on-line)
[    3.769634] input: Power Button as /devices/LNXSYSTM:00/LNXPWRBN:00/input/input0
[    3.773575] ACPI: Power Button [PWRF]
[    3.775228] input: Sleep Button as /devices/LNXSYSTM:00/LNXSLPBN:00/input/input1
[    3.778100] ACPI: Sleep Button [SLPF]
[    3.781276] ACPI: Battery Slot [BAT0] (battery present)
[    3.783277] GHES: HEST is not enabled!
[    3.784568] Serial: 8250/16550 driver, 32 ports, IRQ sharing enabled
[    3.809776] 00:02: ttyS0 at I/O 0x3f8 (irq = 4, base_baud = 115200) is a 16550A
[    3.880993] Linux agpgart interface v0.103
[    3.892835] brd: module loaded
[    3.924167] loop: module loaded
[    3.934218] scsi host0: ata_piix
[    3.971053] scsi host1: ata_piix
[    3.975999] ata1: PATA max UDMA/33 cmd 0x1f0 ctl 0x3f6 bmdma 0xd000 irq 14
[    3.977779] ata2: PATA max UDMA/33 cmd 0x170 ctl 0x376 bmdma 0xd008 irq 15
[    3.989532] libphy: Fixed MDIO Bus: probed
[    4.014989] tun: Universal TUN/TAP device driver, 1.6
[    4.016385] tun: (C) 1999-2004 Max Krasnyansky <maxk@qualcomm.com>
[    4.018360] PPP generic driver version 2.4.2
[    4.023954] ehci_hcd: USB 2.0 'Enhanced' Host Controller (EHCI) Driver
[    4.035171] ehci-pci: EHCI PCI platform driver
[    4.058887] ehci-platform: EHCI generic platform driver
[    4.061647] ohci_hcd: USB 1.1 'Open' Host Controller (OHCI) Driver
[    4.066431] ohci-pci: OHCI PCI platform driver
[    4.067817] ohci-platform: OHCI generic platform driver
[    4.069432] uhci_hcd: USB Universal Host Controller Interface driver
[    4.071418] i8042: PNP: PS/2 Controller [PNP0303:PS2K,PNP0f03:PS2M] at 0x60,0x64 irq 1,12
[    4.076462] serio: i8042 KBD port at 0x60,0x64 irq 1
[    4.079118] serio: i8042 AUX port at 0x60,0x64 irq 12
[    4.080996] mousedev: PS/2 mouse device common for all mice
[    4.084700] input: AT Translated Set 2 keyboard as /devices/platform/i8042/serio0/input/input2
[    4.094873] rtc_cmos rtc_cmos: rtc core: registered rtc_cmos as rtc0
[    4.094984] rtc_cmos rtc_cmos: alarms up to one day, 114 bytes nvram
[    4.094997] i2c /dev entries driver
[    4.095081] device-mapper: uevent: version 1.0.3
[    4.095172] device-mapper: ioctl: 4.34.0-ioctl (2015-10-28) initialised: dm-devel@redhat.com
[    4.095198] ledtrig-cpu: registered to indicate activity on CPUs
[    4.095651] NET: Registered protocol family 10
[    4.095855] NET: Registered protocol family 17
[    4.095865] Key type dns_resolver registered
[    4.097410] microcode: CPU0 sig=0x206a7, pf=0x10, revision=0x0
[    4.097420] microcode: CPU1 sig=0x206a7, pf=0x10, revision=0x0
[    4.097457] microcode: Microcode Update Driver: v2.01 <tigran@aivazian.fsnet.co.uk>, Peter Oruba
[    4.097630] registered taskstats version 1
[    4.097648] Loading compiled-in X.509 certificates
[    4.098974] Loaded X.509 cert 'Build time autogenerated kernel key: 11f495fa9f4186f263f5fd144a167c99990e2f12'
[    4.099004] zswap: loaded using pool lzo/zbud
[    4.101410] Key type trusted registered
[    4.104382] Key type encrypted registered
[    4.104388] AppArmor: AppArmor sha1 policy hashing enabled
[    4.104391] ima: No TPM chip found, activating TPM-bypass!
[    4.104411] evm: HMAC attrs: 0x1
[    4.104746]   Magic number: 9:474:562
[    4.109541] rtc_cmos rtc_cmos: setting system clock to 2017-03-02 03:35:53 UTC (1488425753)
[    4.109686] BIOS EDD facility v0.16 2004-Jun-25, 0 devices found
[    4.109687] EDD information not available.
[    4.189879] Freeing unused kernel memory: 1488K (ffffffff81f45000 - ffffffff820b9000)
[    4.194402] Write protecting the kernel read-only data: 14336k
[    4.199373] Freeing unused kernel memory: 1776K (ffff880001844000 - ffff880001a00000)
[    4.214982] Freeing unused kernel memory: 116K (ffff880001de3000 - ffff880001e00000)
Loading, please wait...
starting version[    4.249517] random: systemd-udevd: uninitialized urandom read (16 bytes read, 2 bits of entropy available)
 229
[    4.250356] random: udevadm: uninitialized urandom read (16 bytes read, 2 bits of entropy available)
[    4.250509] random: udevadm: uninitialized urandom read (16 bytes read, 2 bits of entropy available)
[    4.250714] random: udevadm: uninitialized urandom read (16 bytes read, 2 bits of entropy available)
[    4.250794] random: udevadm: uninitialized urandom read (16 bytes read, 2 bits of entropy available)
[    4.250872] random: udevadm: uninitialized urandom read (16 bytes read, 2 bits of entropy available)
[    4.250977] random: udevadm: uninitialized urandom read (16 bytes read, 2 bits of entropy available)
[    4.251054] random: udevadm: uninitialized urandom read (16 bytes read, 2 bits of entropy available)
[    4.251128] random: udevadm: uninitialized urandom read (16 bytes read, 2 bits of entropy available)
[    4.251197] random: udevadm: uninitialized urandom read (16 bytes read, 2 bits of entropy available)
[    4.314844] ACPI: Video Device [GFX0] (multi-head: yes  rom: no  post: no)
[    4.324132] FUJITSU Extended Socket Network Device Driver - version 1.0 - Copyright (c) 2015 FUJITSU LIMITED
[    4.324446] input: Video Bus as /devices/LNXSYSTM:00/LNXSYBUS:00/PNP0A03:00/LNXVIDEO:00/input/input4
[    4.394280] e1000: Intel(R) PRO/1000 Network Driver - version 7.3.21-k8-NAPI
[    4.418905] e1000: Copyright (c) 1999-2006 Intel Corporation.
[    4.431272] Fusion MPT base driver 3.04.20
[    4.450664] Copyright (c) 1999-2008 LSI Corporation
[    4.462991] Fusion MPT SPI Host driver 3.04.20
[    4.490239] AVX version of gcm_enc/dec engaged.
[    4.493427] AES CTR mode by8 optimization enabled
[    4.655890] input: ImExPS/2 Generic Explorer Mouse as /devices/platform/i8042/serio1/input/input5
[    4.687945] tsc: Refined TSC clocksource calibration: 2294.887 MHz
[    4.696755] clocksource: tsc: mask: 0xffffffffffffffff max_cycles: 0x211456fe4a0, max_idle_ns: 440795243628 ns
[    4.936587] e1000 0000:00:03.0 eth0: (PCI:33MHz:32-bit) 02:29:99:d5:6c:03
[    4.946041] e1000 0000:00:03.0 eth0: Intel(R) PRO/1000 Network Connection
[    4.949342] mptbase: ioc0: Initiating bringup
[    5.051916] ioc0: LSI53C1030 A0: Capabilities={Initiator}
[    5.247032] scsi host2: ioc0: LSI53C1030 A0, FwRev=00000000h, Ports=1, MaxQ=256, IRQ=20
[    5.395285] scsi 2:0:0:0: Direct-Access     VBOX     HARDDISK         1.0  PQ: 0 ANSI: 5
[    5.400830] scsi target2:0:0: Beginning Domain Validation
[    5.407001] scsi target2:0:0: Domain Validation skipping write tests
[    5.408837] scsi target2:0:0: Ending Domain Validation
[    5.410470] scsi target2:0:0: asynchronous
[    5.414271] scsi 2:0:1:0: Direct-Access     VBOX     HARDDISK         1.0  PQ: 0 ANSI: 5
[    5.433268] scsi target2:0:1: Beginning Domain Validation
[    5.456160] scsi target2:0:1: Domain Validation skipping write tests
[    5.459483] scsi target2:0:1: Ending Domain Validation
[    5.461437] scsi target2:0:1: asynchronous
[    5.596193] sd 2:0:0:0: Attached scsi generic sg0 type 0
[    5.607415] sd 2:0:1:0: Attached scsi generic sg1 type 0
[    5.609488] sd 2:0:0:0: [sda] 20971520 512-byte logical blocks: (10.7 GB/10.0 GiB)
[    5.639205] sd 2:0:1:0: [sdb] 20480 512-byte logical blocks: (10.5 MB/10.0 MiB)
[    5.649308] sd 2:0:1:0: [sdb] Write Protect is off
[    5.651924] sd 2:0:0:0: [sda] Write Protect is off
[    5.658807] sd 2:0:1:0: [sdb] Incomplete mode parameter data
[    5.672925] sd 2:0:1:0: [sdb] Assuming drive cache: write through
[    5.690692] sd 2:0:0:0: [sda] Incomplete mode parameter data
[    5.701402] sd 2:0:0:0: [sda] Assuming drive cache: write through
[    5.793367]  sda: sda1
[    5.809373] sd 2:0:1:0: [sdb] Attached SCSI disk
[    5.815540] sd 2:0:0:0: [sda] Attached SCSI disk
[    5.889692] e1000 0000:00:08.0 eth1: (PCI:33MHz:32-bit) 08:00:27:09:11:87
[    5.893842] e1000 0000:00:08.0 eth1: Intel(R) PRO/1000 Network Connection
[    5.896929] e1000 0000:00:08.0 enp0s8: renamed from eth1
[    5.923155] e1000 0000:00:03.0 enp0s3: renamed from eth0
[    7.510799] floppy0: no floppy controllers found
Begin: Loading e[    9.034491] md: linear personality registered for level -1
ssential drivers ... [    9.039667] md: multipath personality registered for level -4
[    9.052002] md: raid0 personality registered for level 0
[    9.064599] md: raid1 personality registered for level 1
[    9.146688] raid6: sse2x1   gen()  4842 MB/s
[    9.222684] raid6: sse2x1   xor()  4208 MB/s
[    9.298477] raid6: sse2x2   gen()  7169 MB/s
[    9.370371] raid6: sse2x2   xor()  4824 MB/s
[    9.454347] raid6: sse2x4   gen()  9531 MB/s
[    9.522690] raid6: sse2x4   xor()  5630 MB/s
[    9.532002] raid6: using algorithm sse2x4 gen() 9531 MB/s
[    9.542252] raid6: .... xor() 5630 MB/s, rmw enabled
[    9.547197] raid6: using ssse3x2 recovery algorithm
[    9.550704] xor: automatically using best checksumming function:
[    9.598635]    avx       : 13783.000 MB/sec
[    9.621217] async_tx: api initialized (async)
[    9.637737] md: raid6 personality registered for level 6
[    9.652133] md: raid5 personality registered for level 5
[    9.655652] md: raid4 personality registered for level 4
[    9.668927] md: raid10 personality registered for level 10
done.
Begin: Running /scripts/init-premount ... done.
Begin: Mounting root file system ... Begin: Running /scripts/local-top ... done.
Begin: Running /scripts/local-premount ... [    9.728390] Btrfs loaded
Scanning for Btrfs filesystems
done.
Warning: fsck no[    9.952307] EXT4-fs (sda1): INFO: recovery required on readonly filesystem
t present, so skipping root file system
[    9.958127] EXT4-fs (sda1): write access will be enabled during recovery
[   10.923890] random: nonblocking pool is initialized
[   12.888841] EXT4-fs (sda1): recovery complete
[   12.909319] EXT4-fs (sda1): mounted filesystem with ordered data mode. Opts: (null)
done.
Begin: Running /scripts/local-bottom ... done.
Begin: Running /scripts/init-bottom ... done.
[   15.531554] systemd[1]: systemd 229 running in system mode. (+PAM +AUDIT +SELINUX +IMA +APPARMOR +SMACK +SYSVINIT +UTMP +LIBCRYPTSETUP +GCRYPT +GNUTLS +ACL +XZ -LZ4 +SECCOMP +BLKID +ELFUTILS +KMOD -IDN)
[   15.619760] systemd[1]: Detected virtualization oracle.
[   15.680066] systemd[1]: Detected architecture x86-64.

Welcome to [1mUbuntu 16.04.1 LTS[0m!

[   15.875939] systemd[1]: Set hostname to <ubuntu-xenial>.
[   17.381635] systemd[1]: Reached target Swap.
[[0;32m  OK  [0m] Reached target Swap.
[   17.482738] systemd[1]: Reached target User and Group Name Lookups.
[[0;32m  OK  [0m] Reached target User and Group Name Lookups.
[   17.485847] systemd[1]: Listening on Journal Socket (/dev/log).
[[0;32m  OK  [0m] Listening on Journal Socket (/dev/log).
[   17.491214] systemd[1]: Listening on udev Control Socket.
[[0;32m  OK  [0m] Listening on udev Control Socket.
[   17.498038] systemd[1]: Started Forward Password Requests to Wall Directory Watch.
[[0;32m  OK  [0m] Started Forward Password Requests to Wall Directory Watch.
[   17.618612] systemd[1]: Listening on Syslog Socket.
[[0;32m  OK  [0m] Listening on Syslog Socket.
[   17.621245] systemd[1]: Listening on Device-mapper event daemon FIFOs.
[[0;32m  OK  [0m] Listening on Device-mapper event daemon FIFOs.
[   17.703121] systemd[1]: Listening on Journal Audit Socket.
[[0;32m  OK  [0m] Listening on Journal Audit Socket.
[   17.820463] systemd[1]: Listening on Journal Socket.
[[0;32m  OK  [0m] Listening on Journal Socket.
[   17.823297] systemd[1]: Listening on udev Kernel Socket.
[[0;32m  OK  [0m] Listening on udev Kernel Socket.
[   17.826058] systemd[1]: Listening on LVM2 poll daemon socket.
[[0;32m  OK  [0m] Listening on LVM2 poll daemon socket.
[   17.828950] systemd[1]: Listening on LVM2 metadata daemon socket.
[[0;32m  OK  [0m] Listening on LVM2 metadata daemon socket.
[   17.831944] systemd[1]: Listening on /dev/initctl Compatibility Named Pipe.
[[0;32m  OK  [0m] Listening on /dev/initctl Compatibility Named Pipe.
[   17.835593] systemd[1]: Created slice User and Session Slice.
[[0;32m  OK  [0m] Created slice User and Session Slice.
[   17.854548] systemd[1]: Reached target Encrypted Volumes.
[[0;32m  OK  [0m] Reached target Encrypted Volumes.
[   17.859449] systemd[1]: Created slice System Slice.
[[0;32m  OK  [0m] Created slice System Slice.
[   17.862296] systemd[1]: Created slice system-serial\x2dgetty.slice.
[[0;32m  OK  [0m] Created slice system-serial\x2dgetty.slice.
[   18.046964] systemd[1]: Starting Uncomplicated firewall...
         Starting Uncomplicated firewall...
[   18.149799] systemd[1]: Reached target Slices.
[[0;32m  OK  [0m] Reached target Slices.
[   18.270480] systemd[1]: Starting Nameserver information manager...
         Starting Nameserver information manager...
[   18.325929] systemd[1]: Mounting Huge Pages File System...
         Mounting Huge Pages File System...
[   18.372461] systemd[1]: Starting Remount Root and Kernel File Systems...
         Starting Remount Root and Kernel File Systems...
[   18.426565] systemd[1]: Starting Load Kernel Modules...
         Starting Load Kernel Modules...
[   18.464250] systemd[1]: Starting Journal Service...
         Starting Journal Service...
[   18.479595] systemd[1]: Mounting Debug File System...
         Mounting Debug File System...
[   18.526637] systemd[1]: Starting Set console keymap...
         Starting Set console keymap...
[   18.550437] systemd[1]: Set up automount Arbitrary Executable File Formats File System Automount Point.
[[0;32m  OK  [0m] Set up automount Arbitrary Executab...ats File System Automount Point.
[   18.608979] EXT4-fs (sda1): re-mounted. Opts: (null)
[   18.642899] systemd[1]: Starting Monitoring of LVM2 mirrors, snapshots etc. using dmeventd or progress polling...
         Starting Monitoring of LVM2 mirrors... dmeventd or progress polling...
[   18.671320] systemd[1]: Mounting POSIX Message Queue File System...
         Mounting POSIX Message Queue File System...
[   18.689132] systemd[1]: Starting Create list of required static device nodes for the current kernel...
         Starting Create list of required st... nodes for the current kernel...
[   18.705404] systemd[1]: Mounted POSIX Message Queue File System.
[[0;32m  OK  [0m] Mounted POSIX Message Queue File System.
[   18.737563] systemd[1]: Mounted Huge Pages File System.
[[0;32m  OK  [0m] Mounted Huge Pages File System.
[   18.741857] systemd[1]: Mounted Debug File System.
[[0;32m  OK  [0m] Mounted Debug File System.
[   18.748068] systemd[1]: Started Uncomplicated firewall.
[[0;32m  OK  [0m] Started Uncomplicated firewall.
[   18.787893] systemd[1]: Started Remount Root and Kernel File Systems.
[[0;32m  OK  [0m] Started Remount Root and Kernel File Systems.
[   18.829318] systemd[1]: Started Create list of required static device nodes for the current kernel.
[[0;32m  OK  [0m] Started Create list of required sta...ce nodes for the current kernel.
[   18.878680] systemd[1]: Starting Create Static Device Nodes in /dev...
         Starting Create Static Device Nodes in /dev...
[   18.918718] systemd[1]: Starting udev Coldplug all Devices...
         Starting udev Coldplug all Devices...
[   18.958688] systemd[1]: Starting Initial cloud-init job (pre-networking)...
         Starting Initial cloud-init job (pre-networking)...
[   18.995796] systemd[1]: Starting Load/Save Random Seed...
         Starting Load/Save Random Seed...
[   19.058586] systemd[1]: Started Nameserver information manager.
[[0;32m  OK  [0m] Started Nameserver information manager.
[   19.119449] systemd[1]: Started udev Coldplug all Devices.
[[0;32m  OK  [0m] Started udev Coldplug all Devices.
[   19.201560] systemd[1]: Started Set console keymap.
[[0;32m  OK  [0m] Started Set console keymap.
[   19.275473] Loading iSCSI transport class v2.0-870.
[   19.348567] systemd[1]: Started Journal Service.
[[0;32m  OK  [0m] Started Journal Service.
[[0;32m  OK  [0m] Started Load/Save Random Seed.
         Starting Flush Journal to Persistent Storage...
[   19.490660] systemd-journald[420]: Received request to flush runtime journal from PID 1
[   19.551973] iscsi: registered transport (tcp)
[[0;32m  OK  [0m] Started Flush Journal to Persistent Storage.
[[0;32m  OK  [0m] Started LVM2 metadata daemon.
[   20.226849] iscsi: registered transport (iser)
[[0;32m  OK  [0m] Started Load Kernel Modules.
         Mounting FUSE Control File System...
         Starting Apply Kernel Variables...
[[0;32m  OK  [0m] Mounted FUSE Control File System.
[[0;32m  OK  [0m] Started Create Static Device Nodes in /dev.
         Starting udev Kernel Device Manager...
[[0;32m  OK  [0m] Started Apply Kernel Variables.
[[0;32m  OK  [0m] Started Monitoring of LVM2 mirrors,...ng dmeventd or progress polling.
[[0;32m  OK  [0m] Started udev Kernel Device Manager.
[[0;32m  OK  [0m] Started Dispatch Password Requests to Console Directory Watch.
[[0;32m  OK  [0m] Reached target Local File Systems (Pre).
[[0;32m  OK  [0m] Reached target Local File Systems.
         Starting Set console font and keymap...
         Starting Create Volatile Files and Directories...
         Starting Tell Plymouth To Write Out Runtime Data...
         Starting LSB: AppArmor initialization...
[[0;32m  OK  [0m] Started Tell Plymouth To Write Out Runtime Data.
[[0;32m  OK  [0m] Started Create Volatile Files and Directories.
         Starting Update UTMP about System Boot/Shutdown...
[[0;32m  OK  [0m] Reached target System Time Synchronized.
[[0;32m  OK  [0m] Found device /dev/ttyS0.
[[0;32m  OK  [0m] Started Update UTMP about System Boot/Shutdown.
[   23.064771] intel_rapl: no valid rapl domains found in package 0
[[0;32m  OK  [0m] Started Set console font and keymap.
[[0;32m  OK  [0m] Created slice system-getty.slice.
[[0;32m  OK  [0m] Found device 82540EM Gigabit Ethern...r (PRO/1000 MT Desktop Adapter).
[[0;32m  OK  [0m] Found device 82540EM Gigabit Ethern...r (PRO/1000 MT Desktop Adapter).
[[0;32m  OK  [0m] Listening on Load/Save RF Kill Switch Status /dev/rfkill Watch.
[[0;32m  OK  [0m] Reached target Sound Card.
[[0;32m  OK  [0m] Started LSB: AppArmor initialization.
[   27.440965] cloud-init[452]: Cloud-init v. 0.7.8 running 'init-local' at Thu, 02 Mar 2017 03:36:18 +0000. Up 26.28 seconds.
[[0;32m  OK  [0m] Started Initial cloud-init job (pre-networking).
[[0;32m  OK  [0m] Reached target Network (Pre).
[[0;32m  OK  [0m] Started ifup for enp0s3.
         Starting Raise network interfaces...
[[0;32m  OK  [0m] Started ifup for enp0s8.
[[0;32m  OK  [0m] Started Raise network interfaces.
[[0;32m  OK  [0m] Reached target Network.
         Starting Initial cloud-init job (metadata service crawler)...
[   29.598539] cloud-init[1159]: Cloud-init v. 0.7.8 running 'init' at Thu, 02 Mar 2017 03:36:20 +0000. Up 28.55 seconds.
[   29.631856] cloud-init[1159]: ci-info: ++++++++++++++++++++++++++++++++++++++Net device info++++++++++++++++++++++++++++++++++++++
[   29.638990] cloud-init[1159]: ci-info: +--------+------+-----------------------------+---------------+-------+-------------------+
[   29.643345] cloud-init[1159]: ci-info: | Device |  Up  |           Address           |      Mask     | Scope |     Hw-Address    |
[   29.652886] cloud-init[1159]: ci-info: +--------+------+-----------------------------+---------------+-------+-------------------+
[   29.665352] cloud-init[1159]: ci-info: | enp0s3 | True |          10.0.2.15          | 255.255.255.0 |   .   | 02:29:99:d5:6c:03 |
[   29.670776] cloud-init[1159]: ci-info: | enp0s3 | True |  fe80::29:99ff:fed5:6c03/64 |       .       |  link | 02:29:99:d5:6c:03 |
[   29.677021] cloud-init[1159]: ci-info: |   lo   | True |          127.0.0.1          |   255.0.0.0   |   .   |         .         |
[   29.681301] cloud-init[1159]: ci-info: |   lo   | True |           ::1/128           |       .       |  host |         .         |
[   29.708743] cloud-init[1159]: ci-info: | enp0s8 | True |        192.168.33.80        | 255.255.255.0 |   .   | 08:00:27:09:11:87 |
[   29.709141] cloud-init[1159]: ci-info: | enp0s8 | True | fe80::a00:27ff:fe09:1187/64 |       .       |  link | 08:00:27:09:11:87 |
[[0;32m  OK  [0m] Started Initial cloud-init job (metadata service crawler).
[   29.709392] cloud-init[1159]: ci-info: +--------+------+-----------------------------+---------------+-------+-------------------+
[   29.730225] cloud-init[1159]: ci-info: ++++++++++++++++++++++++++++Route IPv4 info++++++++++++++++++++++++++++
[   29.730655] cloud-init[1159]: ci-info: +-------+--------------+----------+---------------+-----------+-------+
[[0;32m  OK  [0m] Reached target System Initialization.
[   29.730895] cloud-init[1159]: ci-info: | Route | Destination  | Gateway  |    Genmask    | Interface | Flags |
[   29.744000] cloud-init[1159]: ci-info: +-------+--------------+----------+---------------+-----------+-------+
[   29.747856] cloud-init[1159]: ci-info: |   0   |   0.0.0.0    | 10.0.2.2 |    0.0.0.0    |   enp0s3  |   UG  |
[   29.751806] cloud-init[1159]: ci-info: |   1   |   10.0.2.0   | 0.0.0.0  | 255.255.255.0 |   enp0s3  |   U   |
[   29.755697] cloud-init[1159]: ci-info: |   2   | 192.168.33.0 | 0.0.0.0  | 255.255.255.0 |   enp0s8  |   U   |
[   29.759916] cloud-init[1159]: ci-info: +-------+--------------+----------+---------------+-----------+-------+
[[0;32m  OK  [0m] Started Timer to automatically refresh installed snaps.
[[0;32m  OK  [0m] Listening on D-Bus System Message Bus Socket.
[[0;32m  OK  [0m] Listening on UUID daemon activation socket.
[[0;32m  OK  [0m] Started Trigger resolvconf update for networkd DNS.
[[0;32m  OK  [0m] Started ACPI Events Check.
[[0;32m  OK  [0m] Reached target Paths.
[[0;32m  OK  [0m] Started Daily apt activities.
         Starting Docker Socket for the API.
[[0;32m  OK  [0m] Started Daily Cleanup of Temporary Directories.
[[0;32m  OK  [0m] Reached target Timers.
         Starting Socket activation for snappy daemon.
         Starting LXD - unix socket.
[[0;32m  OK  [0m] Listening on ACPID Listen Socket.
[[0;32m  OK  [0m] Reached target Cloud-config availability.
[[0;32m  OK  [0m] Reached target Network is Online.
         Starting iSCSI initiator daemon (iscsid)...
[[0;32m  OK  [0m] Listening on Docker Socket for the API.
[[0;32m  OK  [0m] Listening on Socket activation for snappy daemon.
[[0;32m  OK  [0m] Listening on LXD - unix socket.
[[0;32m  OK  [0m] Reached target Sockets.
[[0;32m  OK  [0m] Reached target Basic System.
         Starting Apply the settings specified in cloud-config...
         Starting Docker Application Container Engine...
[[0;32m  OK  [0m] Started Deferred execution scheduler.
         Starting System Logging Service...
         Starting Thermal Daemon Service...
         Starting Accounts Service...
         Starting /etc/rc.local Compatibility...
         Starting LXD - container startup/shutdown...
[[0;32m  OK  [0m] Started D-Bus System Message Bus.
[   31.507367] cloud-init[1205]: Cloud-init v. 0.7.8 running 'modules:config' at Thu, 02 Mar 2017 03:36:22 +0000. Up 30.94 seconds.
[[0;32m  OK  [0m] Started Snappy daemon.
         Starting Auto import assertions from block devices...
         Starting Login Service...
         Starting LSB: MD monitoring daemon...
         Starting OpenBSD Secure Shell server...
[[0;32m  OK  [0m] Started FUSE filesystem for LXC.
         Starting LSB: Record successful boot for GRUB...
[[0;32m  OK  [0m] Started ACPI event daemon.
[[0;32m  OK  [0m] Started Regular background program processing daemon.
[[0;32m  OK  [0m] Started System Logging Service.
[[0;32m  OK  [0m] Started Apply the settings specified in cloud-config.
[[0;32m  OK  [0m] Started /etc/rc.local Compatibility.
[[0;32m  OK  [0m] Started Auto import assertions from block devices.
[[0;32m  OK  [0m] Started Login Service.
[[0;32m  OK  [0m] Started Thermal Daemon Service.
         Starting Authenticate and Authorize Users to Run Privileged Tasks...
[[0;32m  OK  [0m] Started iSCSI initiator daemon (iscsid).
         Starting Login to default iSCSI targets...
[[0;32m  OK  [0m] Started LSB: MD monitoring daemon.
[[0;32m  OK  [0m] Started LSB: Record successful boot for GRUB.
[[0;32m  OK  [0m] Started Login to default iSCSI targets.
[[0;32m  OK  [0m] Reached target Remote File Systems (Pre).
[[0;32m  OK  [0m] Reached target Remote File Systems.
         Starting Permit User Sessions...
         Starting LSB: VirtualBox Linux Additions...
         Starting LSB: Set the CPU Frequency Scaling governor to "ondemand"...
         Starting LSB: daemon to balance interrupts for SMP systems...
         Starting LSB: Set up cgroupfs mounts....
         Starting LSB: automatic crash report generation...
[[0;32m  OK  [0m] Started Permit User Sessions.
[[0;32m  OK  [0m] Started Authenticate and Authorize Users to Run Privileged Tasks.
[[0;32m  OK  [0m] Started Accounts Service.
[[0;32m  OK  [0m] Started LSB: Set up cgroupfs mounts..
[[0;32m  OK  [0m] Started LSB: Set the CPU Frequency Scaling governor to "ondemand".
         Starting Terminate Plymouth Boot Screen...
         Starting Hold until boot process finishes up...
[[0;32m  OK  [0m] Started Terminate Plymouth Boot Screen.
[[0;32m  OK  [0m] Started Hold until boot process finishes up.
[[0;32m  OK  [0m] Started Serial Getty on ttyS0.
         Starting Set console scheme...
[[0;32m  OK  [0m] Started Getty on tty1.
[[0;32m  OK  [0m] Reached target Login Prompts.
[[0;32m  OK  [0m] Started LSB: daemon to balance interrupts for SMP systems.
[[0;32m  OK  [0m] Started Set console scheme.
[[0;32m  OK  [0m] Started OpenBSD Secure Shell server.
[[0;32m  OK  [0m] Started LSB: automatic crash report generation.
[[0;32m  OK  [0m] Started LSB: VirtualBox Linux Additions.
[[0;32m  OK  [0m] Started LXD - container startup/shutdown.

Ubuntu 16.04.1 LTS ubuntu-xenial ttyS0

ubuntu-xenial login: [   43.667222] cloud-init[1630]: Cloud-init v. 0.7.8 running 'modules:final' at Thu, 02 Mar 2017 03:36:35 +0000. Up 43.22 seconds.
[   43.667926] cloud-init[1630]: Cloud-init v. 0.7.8 finished at Thu, 02 Mar 2017 03:36:35 +0000. Datasource DataSourceNoCloud [seed=/dev/sdb][dsmode=net].  Up 43.65 seconds
[ 6169.994748] e1000 0000:00:03.0 enp0s3: Detected Tx Unit Hang
[ 6169.994748]   Tx Queue             <0>
[ 6169.994748]   TDH                  <f8>
[ 6169.994748]   TDT                  <fa>
[ 6169.994748]   next_to_use          <fa>
[ 6169.994748]   next_to_clean        <f8>
[ 6169.994748] buffer_info[next_to_clean]
[ 6169.994748]   time_stamp           <100166092>
[ 6169.994748]   next_to_watch        <f9>
[ 6169.994748]   jiffies              <100166361>
[ 6169.994748]   next_to_watch.status <0>
[ 6171.999678] e1000 0000:00:03.0 enp0s3: Detected Tx Unit Hang
[ 6171.999678]   Tx Queue             <0>
[ 6171.999678]   TDH                  <f8>
[ 6171.999678]   TDT                  <fa>
[ 6171.999678]   next_to_use          <fa>
[ 6171.999678]   next_to_clean        <f8>
[ 6171.999678] buffer_info[next_to_clean]
[ 6171.999678]   time_stamp           <100166092>
[ 6171.999678]   next_to_watch        <f9>
[ 6171.999678]   jiffies              <100166556>
[ 6171.999678]   next_to_watch.status <0>
[ 6174.002566] e1000 0000:00:03.0 enp0s3: Detected Tx Unit Hang
[ 6174.002566]   Tx Queue             <0>
[ 6174.002566]   TDH                  <f8>
[ 6174.002566]   TDT                  <fa>
[ 6174.002566]   next_to_use          <fa>
[ 6174.002566]   next_to_clean        <f8>
[ 6174.002566] buffer_info[next_to_clean]
[ 6174.002566]   time_stamp           <100166092>
[ 6174.002566]   next_to_watch        <f9>
[ 6174.002566]   jiffies              <10016674b>
[ 6174.002566]   next_to_watch.status <0>
[ 6174.886167] e1000 0000:00:03.0 enp0s3: Reset adapter
[[0;32m  OK  [0m] Stopped target Graphical Interface.
[[0;32m  OK  [0m] Stopped target Sound Card.
[[0;32m  OK  [0m] Closed Load/Save RF Kill Switch Status /devW         Stopping Deferred execution scheduler...
         Stopping LSB: Apache2 web server...
         Stopping LSB: VirtualBox Linux Additions...
         Stopping LSB: Set the CPU Frequency Scaling governor to "ondemand"...
         Stopping LSB: Record successful boot for GRUB...
         Stopping Docker Application Container Engine...
         Stopping Regular background program processing daemon...
         Stopping LSB: MD monitoring daemon...
         Stopping D-Bus System Message Bus...
[[0;32m  OK  [0m] Stopped target Timers.
[[0;32m  OK  [0m] Stopped Daily apt activities.
[[0;32m  OK  [0m] Stopped Daily Cleanup of Temporary Directories.
[[0;32m  OK  [0m] Stopped Timer to automatically refresh installed snaps.
         Stopping Authenticate and Authorize Users to Run Privileged Tasks...
[[0;32m  OK  [0m] Stopped target System Time Synchronized.
[[0;32m  OK  [0m] Stopped target Cloud-config availability.
         Stopping Getty on tty1...
[[0;32m  OK  [0m] Unmounted /var/lib/docker/aufs.
[[0;32m  OK  [0m] Unmounted /var/lib/lxcfs.
[[0;32m  OK  [0m] Stopped Deferred execution scheduler.
[[0;32m  OK  [0m] Stopped System Logging Service.
[[0;32m  OK  [0m] Stopped Accounts Service.
[[0;32m  OK  [0m] Stopped Snappy daemon.
[[0;32m  OK  [0m] Stopped OpenBSD Secure Shell server.
[[0;32m  OK  [0m] Stopped ACPI event daemon.
[[0;32m  OK  [0m] Stopped Regular background program processing daemon.
[[0;32m  OK  [0m] Stopped Authenticate and Authorize Users to Run Privileged Tasks.
[[0;32m  OK  [0m] Stopped Serial Getty on ttyS0.
[[0;32m  OK  [0m] Stopped Getty on tty1.
[[0;32m  OK  [0m] Stopped User Manager for UID 1000.
[[0;32m  OK  [0m] Stopped Session 14 of user ubuntu.
[[0;32m  OK  [0m] Stopped LSB: Set up cgroupfs mounts..
[[0;32m  OK  [0m] Stopped D-Bus System Message Bus.
[[0;32m  OK  [0m] Stopped FUSE filesystem for LXC.
[[0;32m  OK  [0m] Stopped LXD - container startup/shutdown.
[[0;32m  OK  [0m] Stopped LSB: daemon to balance interrupts for SMP systems.
[[0;32m  OK  [0m] Stopped LSB: VirtualBox Linux Additions.
[[0;32m  OK  [0m] Stopped LSB: Set the CPU Frequency Scaling governor to "ondemand".
[[0;32m  OK  [0m] Stopped LSB: Record successful boot for GRUB.
[[0;32m  OK  [0m] Stopped LSB: MD monitoring daemon.
[[0;32m  OK  [0m] Removed slice User Slice of ubuntu.
         Stopping Login Service...
[[0;32m  OK  [0m] Removed slice system-getty.slice.
[[0;32m  OK  [0m] Removed slice system-serial\x2dgetty.slice.
[[0;32m  OK  [0m] Stopped /etc/rc.local Compatibility.
         Stopping Permit User Sessions...
[[0;32m  OK  [0m] Stopped Docker Application Container Engine.
[[0;32m  OK  [0m] Stopped Login Service.
[[0;32m  OK  [0m] Stopped LSB: automatic crash report generation.
[[0;32m  OK  [0m] Stopped Permit User Sessions.
[[0;32m  OK  [0m] Stopped target User and Group Name Lookups.
[[0;32m  OK  [0m] Stopped LSB: Apache2 web server.
[[0;32m  OK  [0m] Stopped target Remote File Systems.
[[0;32m  OK  [0m] Stopped target Remote File Systems (Pre).
         Stopping Login to default iSCSI targets...
[[0;32m  OK  [0m] Stopped target Basic System.
[[0;32m  OK  [0m] Stopped target Sockets.
[[0;32m  OK  [0m] Closed UUID daemon activation socket.
[[0;32m  OK  [0m] Closed Syslog Socket.
[[0;32m  OK  [0m] Closed Socket activation for snappy daemon.
[[0;32m  OK  [0m] Closed ACPID Listen Socket.
[[0;32m  OK  [0m] Closed D-Bus System Message Bus Socket.
[[0;32m  OK  [0m] Closed LXD - unix socket.
[[0;32m  OK  [0m] Closed Docker Socket for the API.
[[0;32m  OK  [0m] Stopped target Slices.
[[0;32m  OK  [0m] Removed slice User and Session Slice.
[[0;32m  OK  [0m] Stopped target Paths.
[[0;32m  OK  [0m] Stopped Trigger resolvconf update for networkd DNS.
[[0;32m  OK  [0m] Stopped ACPI Events Check.
[[0;32m  OK  [0m] Stopped Dispatch Password Requests to Console Directory Watch.
[[0;32m  OK  [0m] Stopped Forward Password Requests to Wall Directory Watch.
[[0;32m  OK  [0m] Stopped target System Initialization.
[[0;32m  OK  [0m] Stopped target Swap.
         Stopping Update UTMP about System Boot/Shutdown...
         Stopping Load/Save Random Seed...
[[0;32m  OK  [0m] Stopped target Encrypted Volumes.
[[0;32m  OK  [0m] Stopped Load/Save Random Seed.
[[0;32m  OK  [0m] Stopped Update UTMP about System Boot/Shutdown.
[[0;32m  OK  [0m] Stopped Login to default iSCSI targets.
         Stopping iSCSI initiator daemon (iscsid)...
[[0;32m  OK  [0m] Stopped Create Volatile Files and Directories.
[[0;32m  OK  [0m] Stopped iSCSI initiator daemon (iscsid).
[[0;32m  OK  [0m] Stopped target Network is Online.
[[0;32m  OK  [0m] Stopped Initial cloud-init job (metadata service crawler).
[[0;32m  OK  [0m] Stopped target Network.
         Stopping Raise network interfaces...
[[0;32m  OK  [0m] Stopped Raise network interfaces.
[[0;32m  OK  [0m] Stopped target Network (Pre).
[[0;32m  OK  [0m] Stopped Initial cloud-init job (pre-networking).
[[0;32m  OK  [0m] Stopped target Local File Systems.
         Starting Unattended Upgrades Shutdown...
         Unmounting /run/user/1000...
         Unmounting /vagrant...
[[0;32m  OK  [0m] Stopped Apply Kernel Variables.
[[0;32m  OK  [0m] Stopped Load Kernel Modules.
[[0;32m  OK  [0m] Unmounted /run/user/1000.
[[0;32m  OK  [0m] Unmounted /vagrant.
[[0;32m  OK  [0m] Reached target Unmount All Filesystems.
[[0;32m  OK  [0m] Stopped target Local File Systems (Pre).
         Stopping Monitoring of LVM2 mirrors... dmeventd or progress polling...
[[0;32m  OK  [0m] Stopped Remount Root and Kernel File Systems.
[[0;32m  OK  [0m] Stopped Create Static Device Nodes in /dev.
[[0;32m  OK  [0m] Started Unattended Upgrades Shutdown.
[[0;32m  OK  [0m] Stopped Monitoring of LVM2 mirrors,...ng dmeventd or progress polling.
         Stopping LVM2 metadata daemon...
[[0;32m  OK  [0m] Reached target Shutdown.
[36853.685010] reboot: Power down
